The system is: Linux - 4.14.98-v7+ - armv7l
Compiling the C compiler identification source file "CMakeCCompilerId.c" succeeded.
Compiler: /usr/bin/cc 
Build flags: 
Id flags: 

The output was:
0


Compilation of the C compiler identification source "CMakeCCompilerId.c" produced "a.out"

The C compiler identification is GNU, found in "/home/pi/mjpg-streamer/mjpg-streamer-experimental/_build/CMakeFiles/3.7.2/CompilerIdC/a.out"

Determining if the C compiler works passed with the following output:
Change Dir: /home/pi/mjpg-streamer/mjpg-streamer-experimental/_build/CMakeFiles/CMakeTmp

Run Build Command:"/usr/bin/make" "cmTC_1881e/fast"
make[1]: Entering directory '/home/pi/mjpg-streamer/mjpg-streamer-experimental/_build/CMakeFiles/CMakeTmp'
/usr/bin/make -f CMakeFiles/cmTC_1881e.dir/build.make CMakeFiles/cmTC_1881e.dir/build
make[2]: Entering directory '/home/pi/mjpg-streamer/mjpg-streamer-experimental/_build/CMakeFiles/CMakeTmp'
Building C object CMakeFiles/cmTC_1881e.dir/testCCompiler.c.o
/usr/bin/cc     -o CMakeFiles/cmTC_1881e.dir/testCCompiler.c.o   -c /home/pi/mjpg-streamer/mjpg-streamer-experimental/_build/CMakeFiles/CMakeTmp/testCCompiler.c
Linking C executable cmTC_1881e
/usr/bin/cmake -E cmake_link_script CMakeFiles/cmTC_1881e.dir/link.txt --verbose=1
/usr/bin/cc       CMakeFiles/cmTC_1881e.dir/testCCompiler.c.o  -o cmTC_1881e -rdynamic 
make[2]: Leaving directory '/home/pi/mjpg-streamer/mjpg-streamer-experimental/_build/CMakeFiles/CMakeTmp'
make[1]: Leaving directory '/home/pi/mjpg-streamer/mjpg-streamer-experimental/_build/CMakeFiles/CMakeTmp'


Detecting C compiler ABI info compiled with the following output:
Change Dir: /home/pi/mjpg-streamer/mjpg-streamer-experimental/_build/CMakeFiles/CMakeTmp

Run Build Command:"/usr/bin/make" "cmTC_b109b/fast"
make[1]: Entering directory '/home/pi/mjpg-streamer/mjpg-streamer-experimental/_build/CMakeFiles/CMakeTmp'
/usr/bin/make -f CMakeFiles/cmTC_b109b.dir/build.make CMakeFiles/cmTC_b109b.dir/build
make[2]: Entering directory '/home/pi/mjpg-streamer/mjpg-streamer-experimental/_build/CMakeFiles/CMakeTmp'
Building C object CMakeFiles/cmTC_b109b.dir/CMakeCCompilerABI.c.o
/usr/bin/cc     -o CMakeFiles/cmTC_b109b.dir/CMakeCCompilerABI.c.o   -c /usr/share/cmake-3.7/Modules/CMakeCCompilerABI.c
Linking C executable cmTC_b109b
/usr/bin/cmake -E cmake_link_script CMakeFiles/cmTC_b109b.dir/link.txt --verbose=1
/usr/bin/cc      -v CMakeFiles/cmTC_b109b.dir/CMakeCCompilerABI.c.o  -o cmTC_b109b -rdynamic  
Using built-in specs.
COLLECT_GCC=/usr/bin/cc
COLLECT_LTO_WRAPPER=/usr/lib/gcc/arm-linux-gnueabihf/6/lto-wrapper
Target: arm-linux-gnueabihf
Configured with: ../src/configure -v --with-pkgversion='Raspbian 6.3.0-18+rpi1+deb9u1' --with-bugurl=file:///usr/share/doc/gcc-6/README.Bugs --enable-languages=c,ada,c++,java,go,d,fortran,objc,obj-c++ --prefix=/usr --program-suffix=-6 --program-prefix=arm-linux-gnueabihf- --enable-shared --enable-linker-build-id --libexecdir=/usr/lib --without-included-gettext --enable-threads=posix --libdir=/usr/lib --enable-nls --with-sysroot=/ --enable-clocale=gnu --enable-libstdcxx-debug --enable-libstdcxx-time=yes --with-default-libstdcxx-abi=new --enable-gnu-unique-object --disable-libitm --disable-libquadmath --enable-plugin --with-system-zlib --disable-browser-plugin --enable-java-awt=gtk --enable-gtk-cairo --with-java-home=/usr/lib/jvm/java-1.5.0-gcj-6-armhf/jre --enable-java-home --with-jvm-root-dir=/usr/lib/jvm/java-1.5.0-gcj-6-armhf --with-jvm-jar-dir=/usr/lib/jvm-exports/java-1.5.0-gcj-6-armhf --with-arch-directory=arm --with-ecj-jar=/usr/share/java/eclipse-ecj.jar --with-target-system-zlib --enable-objc-gc=auto --enable-multiarch --disable-sjlj-exceptions --with-arch=armv6 --with-fpu=vfp --with-float=hard --enable-checking=release --build=arm-linux-gnueabihf --host=arm-linux-gnueabihf --target=arm-linux-gnueabihf
Thread model: posix
gcc version 6.3.0 20170516 (Raspbian 6.3.0-18+rpi1+deb9u1) 
COMPILER_PATH=/usr/lib/gcc/arm-linux-gnueabihf/6/:/usr/lib/gcc/arm-linux-gnueabihf/6/:/usr/lib/gcc/arm-linux-gnueabihf/:/usr/lib/gcc/arm-linux-gnueabihf/6/:/usr/lib/gcc/arm-linux-gnueabihf/
LIBRARY_PATH=/usr/lib/gcc/arm-linux-gnueabihf/6/:/usr/lib/gcc/arm-linux-gnueabihf/6/../../../arm-linux-gnueabihf/:/usr/lib/gcc/arm-linux-gnueabihf/6/../../../:/lib/arm-linux-gnueabihf/:/lib/:/usr/lib/arm-linux-gnueabihf/:/usr/lib/
COLLECT_GCC_OPTIONS='-v' '-o' 'cmTC_b109b' '-rdynamic' '-march=armv6' '-mfloat-abi=hard' '-mfpu=vfp' '-mtls-dialect=gnu'
 /usr/lib/gcc/arm-linux-gnueabihf/6/collect2 -plugin /usr/lib/gcc/arm-linux-gnueabihf/6/liblto_plugin.so -plugin-opt=/usr/lib/gcc/arm-linux-gnueabihf/6/lto-wrapper -plugin-opt=-fresolution=/tmp/ccvjO4KI.res -plugin-opt=-pass-through=-lgcc -plugin-opt=-pass-through=-lgcc_s -plugin-opt=-pass-through=-lc -plugin-opt=-pass-through=-lgcc -plugin-opt=-pass-through=-lgcc_s --sysroot=/ --build-id --eh-frame-hdr -export-dynamic -dynamic-linker /lib/ld-linux-armhf.so.3 -X --hash-style=gnu -m armelf_linux_eabi -o cmTC_b109b /usr/lib/gcc/arm-linux-gnueabihf/6/../../../arm-linux-gnueabihf/crt1.o /usr/lib/gcc/arm-linux-gnueabihf/6/../../../arm-linux-gnueabihf/crti.o /usr/lib/gcc/arm-linux-gnueabihf/6/crtbegin.o -L/usr/lib/gcc/arm-linux-gnueabihf/6 -L/usr/lib/gcc/arm-linux-gnueabihf/6/../../../arm-linux-gnueabihf -L/usr/lib/gcc/arm-linux-gnueabihf/6/../../.. -L/lib/arm-linux-gnueabihf -L/usr/lib/arm-linux-gnueabihf CMakeFiles/cmTC_b109b.dir/CMakeCCompilerABI.c.o -lgcc --as-needed -lgcc_s --no-as-needed -lc -lgcc --as-needed -lgcc_s --no-as-needed /usr/lib/gcc/arm-linux-gnueabihf/6/crtend.o /usr/lib/gcc/arm-linux-gnueabihf/6/../../../arm-linux-gnueabihf/crtn.o
COLLECT_GCC_OPTIONS='-v' '-o' 'cmTC_b109b' '-rdynamic' '-march=armv6' '-mfloat-abi=hard' '-mfpu=vfp' '-mtls-dialect=gnu'
make[2]: Leaving directory '/home/pi/mjpg-streamer/mjpg-streamer-experimental/_build/CMakeFiles/CMakeTmp'
make[1]: Leaving directory '/home/pi/mjpg-streamer/mjpg-streamer-experimental/_build/CMakeFiles/CMakeTmp'


Parsed C implicit link information from above output:
  link line regex: [^( *|.*[/\])(ld|([^/\]+-)?ld|collect2)[^/\]*( |$)]
  ignore line: [Change Dir: /home/pi/mjpg-streamer/mjpg-streamer-experimental/_build/CMakeFiles/CMakeTmp]
  ignore line: []
  ignore line: [Run Build Command:"/usr/bin/make" "cmTC_b109b/fast"]
  ignore line: [make[1]: Entering directory '/home/pi/mjpg-streamer/mjpg-streamer-experimental/_build/CMakeFiles/CMakeTmp']
  ignore line: [/usr/bin/make -f CMakeFiles/cmTC_b109b.dir/build.make CMakeFiles/cmTC_b109b.dir/build]
  ignore line: [make[2]: Entering directory '/home/pi/mjpg-streamer/mjpg-streamer-experimental/_build/CMakeFiles/CMakeTmp']
  ignore line: [Building C object CMakeFiles/cmTC_b109b.dir/CMakeCCompilerABI.c.o]
  ignore line: [/usr/bin/cc     -o CMakeFiles/cmTC_b109b.dir/CMakeCCompilerABI.c.o   -c /usr/share/cmake-3.7/Modules/CMakeCCompilerABI.c]
  ignore line: [Linking C executable cmTC_b109b]
  ignore line: [/usr/bin/cmake -E cmake_link_script CMakeFiles/cmTC_b109b.dir/link.txt --verbose=1]
  ignore line: [/usr/bin/cc      -v CMakeFiles/cmTC_b109b.dir/CMakeCCompilerABI.c.o  -o cmTC_b109b -rdynamic  ]
  ignore line: [Using built-in specs.]
  ignore line: [COLLECT_GCC=/usr/bin/cc]
  ignore line: [COLLECT_LTO_WRAPPER=/usr/lib/gcc/arm-linux-gnueabihf/6/lto-wrapper]
  ignore line: [Target: arm-linux-gnueabihf]
  ignore line: [Configured with: ../src/configure -v --with-pkgversion='Raspbian 6.3.0-18+rpi1+deb9u1' --with-bugurl=file:///usr/share/doc/gcc-6/README.Bugs --enable-languages=c,ada,c++,java,go,d,fortran,objc,obj-c++ --prefix=/usr --program-suffix=-6 --program-prefix=arm-linux-gnueabihf- --enable-shared --enable-linker-build-id --libexecdir=/usr/lib --without-included-gettext --enable-threads=posix --libdir=/usr/lib --enable-nls --with-sysroot=/ --enable-clocale=gnu --enable-libstdcxx-debug --enable-libstdcxx-time=yes --with-default-libstdcxx-abi=new --enable-gnu-unique-object --disable-libitm --disable-libquadmath --enable-plugin --with-system-zlib --disable-browser-plugin --enable-java-awt=gtk --enable-gtk-cairo --with-java-home=/usr/lib/jvm/java-1.5.0-gcj-6-armhf/jre --enable-java-home --with-jvm-root-dir=/usr/lib/jvm/java-1.5.0-gcj-6-armhf --with-jvm-jar-dir=/usr/lib/jvm-exports/java-1.5.0-gcj-6-armhf --with-arch-directory=arm --with-ecj-jar=/usr/share/java/eclipse-ecj.jar --with-target-system-zlib --enable-objc-gc=auto --enable-multiarch --disable-sjlj-exceptions --with-arch=armv6 --with-fpu=vfp --with-float=hard --enable-checking=release --build=arm-linux-gnueabihf --host=arm-linux-gnueabihf --target=arm-linux-gnueabihf]
  ignore line: [Thread model: posix]
  ignore line: [gcc version 6.3.0 20170516 (Raspbian 6.3.0-18+rpi1+deb9u1) ]
  ignore line: [COMPILER_PATH=/usr/lib/gcc/arm-linux-gnueabihf/6/:/usr/lib/gcc/arm-linux-gnueabihf/6/:/usr/lib/gcc/arm-linux-gnueabihf/:/usr/lib/gcc/arm-linux-gnueabihf/6/:/usr/lib/gcc/arm-linux-gnueabihf/]
  ignore line: [LIBRARY_PATH=/usr/lib/gcc/arm-linux-gnueabihf/6/:/usr/lib/gcc/arm-linux-gnueabihf/6/../../../arm-linux-gnueabihf/:/usr/lib/gcc/arm-linux-gnueabihf/6/../../../:/lib/arm-linux-gnueabihf/:/lib/:/usr/lib/arm-linux-gnueabihf/:/usr/lib/]
  ignore line: [COLLECT_GCC_OPTIONS='-v' '-o' 'cmTC_b109b' '-rdynamic' '-march=armv6' '-mfloat-abi=hard' '-mfpu=vfp' '-mtls-dialect=gnu']
  link line: [ /usr/lib/gcc/arm-linux-gnueabihf/6/collect2 -plugin /usr/lib/gcc/arm-linux-gnueabihf/6/liblto_plugin.so -plugin-opt=/usr/lib/gcc/arm-linux-gnueabihf/6/lto-wrapper -plugin-opt=-fresolution=/tmp/ccvjO4KI.res -plugin-opt=-pass-through=-lgcc -plugin-opt=-pass-through=-lgcc_s -plugin-opt=-pass-through=-lc -plugin-opt=-pass-through=-lgcc -plugin-opt=-pass-through=-lgcc_s --sysroot=/ --build-id --eh-frame-hdr -export-dynamic -dynamic-linker /lib/ld-linux-armhf.so.3 -X --hash-style=gnu -m armelf_linux_eabi -o cmTC_b109b /usr/lib/gcc/arm-linux-gnueabihf/6/../../../arm-linux-gnueabihf/crt1.o /usr/lib/gcc/arm-linux-gnueabihf/6/../../../arm-linux-gnueabihf/crti.o /usr/lib/gcc/arm-linux-gnueabihf/6/crtbegin.o -L/usr/lib/gcc/arm-linux-gnueabihf/6 -L/usr/lib/gcc/arm-linux-gnueabihf/6/../../../arm-linux-gnueabihf -L/usr/lib/gcc/arm-linux-gnueabihf/6/../../.. -L/lib/arm-linux-gnueabihf -L/usr/lib/arm-linux-gnueabihf CMakeFiles/cmTC_b109b.dir/CMakeCCompilerABI.c.o -lgcc --as-needed -lgcc_s --no-as-needed -lc -lgcc --as-needed -lgcc_s --no-as-needed /usr/lib/gcc/arm-linux-gnueabihf/6/crtend.o /usr/lib/gcc/arm-linux-gnueabihf/6/../../../arm-linux-gnueabihf/crtn.o]
    arg [/usr/lib/gcc/arm-linux-gnueabihf/6/collect2] ==> ignore
    arg [-plugin] ==> ignore
    arg [/usr/lib/gcc/arm-linux-gnueabihf/6/liblto_plugin.so] ==> ignore
    arg [-plugin-opt=/usr/lib/gcc/arm-linux-gnueabihf/6/lto-wrapper] ==> ignore
    arg [-plugin-opt=-fresolution=/tmp/ccvjO4KI.res] ==> ignore
    arg [-plugin-opt=-pass-through=-lgcc] ==> ignore
    arg [-plugin-opt=-pass-through=-lgcc_s] ==> ignore
    arg [-plugin-opt=-pass-through=-lc] ==> ignore
    arg [-plugin-opt=-pass-through=-lgcc] ==> ignore
    arg [-plugin-opt=-pass-through=-lgcc_s] ==> ignore
    arg [--sysroot=/] ==> ignore
    arg [--build-id] ==> ignore
    arg [--eh-frame-hdr] ==> ignore
    arg [-export-dynamic] ==> ignore
    arg [-dynamic-linker] ==> ignore
    arg [/lib/ld-linux-armhf.so.3] ==> ignore
    arg [-X] ==> ignore
    arg [--hash-style=gnu] ==> ignore
    arg [-m] ==> ignore
    arg [armelf_linux_eabi] ==> ignore
    arg [-o] ==> ignore
    arg [cmTC_b109b] ==> ignore
    arg [/usr/lib/gcc/arm-linux-gnueabihf/6/../../../arm-linux-gnueabihf/crt1.o] ==> ignore
    arg [/usr/lib/gcc/arm-linux-gnueabihf/6/../../../arm-linux-gnueabihf/crti.o] ==> ignore
    arg [/usr/lib/gcc/arm-linux-gnueabihf/6/crtbegin.o] ==> ignore
    arg [-L/usr/lib/gcc/arm-linux-gnueabihf/6] ==> dir [/usr/lib/gcc/arm-linux-gnueabihf/6]
    arg [-L/usr/lib/gcc/arm-linux-gnueabihf/6/../../../arm-linux-gnueabihf] ==> dir [/usr/lib/gcc/arm-linux-gnueabihf/6/../../../arm-linux-gnueabihf]
    arg [-L/usr/lib/gcc/arm-linux-gnueabihf/6/../../..] ==> dir [/usr/lib/gcc/arm-linux-gnueabihf/6/../../..]
    arg [-L/lib/arm-linux-gnueabihf] ==> dir [/lib/arm-linux-gnueabihf]
    arg [-L/usr/lib/arm-linux-gnueabihf] ==> dir [/usr/lib/arm-linux-gnueabihf]
    arg [CMakeFiles/cmTC_b109b.dir/CMakeCCompilerABI.c.o] ==> ignore
    arg [-lgcc] ==> lib [gcc]
    arg [--as-needed] ==> ignore
    arg [-lgcc_s] ==> lib [gcc_s]
    arg [--no-as-needed] ==> ignore
    arg [-lc] ==> lib [c]
    arg [-lgcc] ==> lib [gcc]
    arg [--as-needed] ==> ignore
    arg [-lgcc_s] ==> lib [gcc_s]
    arg [--no-as-needed] ==> ignore
    arg [/usr/lib/gcc/arm-linux-gnueabihf/6/crtend.o] ==> ignore
    arg [/usr/lib/gcc/arm-linux-gnueabihf/6/../../../arm-linux-gnueabihf/crtn.o] ==> ignore
  remove lib [gcc]
  remove lib [gcc_s]
  remove lib [gcc]
  remove lib [gcc_s]
  collapse library dir [/usr/lib/gcc/arm-linux-gnueabihf/6] ==> [/usr/lib/gcc/arm-linux-gnueabihf/6]
  collapse library dir [/usr/lib/gcc/arm-linux-gnueabihf/6/../../../arm-linux-gnueabihf] ==> [/usr/lib/arm-linux-gnueabihf]
  collapse library dir [/usr/lib/gcc/arm-linux-gnueabihf/6/../../..] ==> [/usr/lib]
  collapse library dir [/lib/arm-linux-gnueabihf] ==> [/lib/arm-linux-gnueabihf]
  collapse library dir [/usr/lib/arm-linux-gnueabihf] ==> [/usr/lib/arm-linux-gnueabihf]
  implicit libs: [c]
  implicit dirs: [/usr/lib/gcc/arm-linux-gnueabihf/6;/usr/lib/arm-linux-gnueabihf;/usr/lib;/lib/arm-linux-gnueabihf]
  implicit fwks: []




Detecting C [-std=c11] compiler features compiled with the following output:
Change Dir: /home/pi/mjpg-streamer/mjpg-streamer-experimental/_build/CMakeFiles/CMakeTmp

Run Build Command:"/usr/bin/make" "cmTC_f1455/fast"
make[1]: Entering directory '/home/pi/mjpg-streamer/mjpg-streamer-experimental/_build/CMakeFiles/CMakeTmp'
/usr/bin/make -f CMakeFiles/cmTC_f1455.dir/build.make CMakeFiles/cmTC_f1455.dir/build
make[2]: Entering directory '/home/pi/mjpg-streamer/mjpg-streamer-experimental/_build/CMakeFiles/CMakeTmp'
Building C object CMakeFiles/cmTC_f1455.dir/feature_tests.c.o
/usr/bin/cc    -std=c11 -o CMakeFiles/cmTC_f1455.dir/feature_tests.c.o   -c /home/pi/mjpg-streamer/mjpg-streamer-experimental/_build/CMakeFiles/feature_tests.c
Linking C executable cmTC_f1455
/usr/bin/cmake -E cmake_link_script CMakeFiles/cmTC_f1455.dir/link.txt --verbose=1
/usr/bin/cc       CMakeFiles/cmTC_f1455.dir/feature_tests.c.o  -o cmTC_f1455 -rdynamic 
make[2]: Leaving directory '/home/pi/mjpg-streamer/mjpg-streamer-experimental/_build/CMakeFiles/CMakeTmp'
make[1]: Leaving directory '/home/pi/mjpg-streamer/mjpg-streamer-experimental/_build/CMakeFiles/CMakeTmp'


    Feature record: C_FEATURE:1c_function_prototypes
    Feature record: C_FEATURE:1c_restrict
    Feature record: C_FEATURE:1c_static_assert
    Feature record: C_FEATURE:1c_variadic_macros


Detecting C [-std=c99] compiler features compiled with the following output:
Change Dir: /home/pi/mjpg-streamer/mjpg-streamer-experimental/_build/CMakeFiles/CMakeTmp

Run Build Command:"/usr/bin/make" "cmTC_e0ffe/fast"
make[1]: Entering directory '/home/pi/mjpg-streamer/mjpg-streamer-experimental/_build/CMakeFiles/CMakeTmp'
/usr/bin/make -f CMakeFiles/cmTC_e0ffe.dir/build.make CMakeFiles/cmTC_e0ffe.dir/build
make[2]: Entering directory '/home/pi/mjpg-streamer/mjpg-streamer-experimental/_build/CMakeFiles/CMakeTmp'
Building C object CMakeFiles/cmTC_e0ffe.dir/feature_tests.c.o
/usr/bin/cc    -std=c99 -o CMakeFiles/cmTC_e0ffe.dir/feature_tests.c.o   -c /home/pi/mjpg-streamer/mjpg-streamer-experimental/_build/CMakeFiles/feature_tests.c
Linking C executable cmTC_e0ffe
/usr/bin/cmake -E cmake_link_script CMakeFiles/cmTC_e0ffe.dir/link.txt --verbose=1
/usr/bin/cc       CMakeFiles/cmTC_e0ffe.dir/feature_tests.c.o  -o cmTC_e0ffe -rdynamic 
make[2]: Leaving directory '/home/pi/mjpg-streamer/mjpg-streamer-experimental/_build/CMakeFiles/CMakeTmp'
make[1]: Leaving directory '/home/pi/mjpg-streamer/mjpg-streamer-experimental/_build/CMakeFiles/CMakeTmp'


    Feature record: C_FEATURE:1c_function_prototypes
    Feature record: C_FEATURE:1c_restrict
    Feature record: C_FEATURE:0c_static_assert
    Feature record: C_FEATURE:1c_variadic_macros


Detecting C [-std=c90] compiler features compiled with the following output:
Change Dir: /home/pi/mjpg-streamer/mjpg-streamer-experimental/_build/CMakeFiles/CMakeTmp

Run Build Command:"/usr/bin/make" "cmTC_a4bba/fast"
make[1]: Entering directory '/home/pi/mjpg-streamer/mjpg-streamer-experimental/_build/CMakeFiles/CMakeTmp'
/usr/bin/make -f CMakeFiles/cmTC_a4bba.dir/build.make CMakeFiles/cmTC_a4bba.dir/build
make[2]: Entering directory '/home/pi/mjpg-streamer/mjpg-streamer-experimental/_build/CMakeFiles/CMakeTmp'
Building C object CMakeFiles/cmTC_a4bba.dir/feature_tests.c.o
/usr/bin/cc    -std=c90 -o CMakeFiles/cmTC_a4bba.dir/feature_tests.c.o   -c /home/pi/mjpg-streamer/mjpg-streamer-experimental/_build/CMakeFiles/feature_tests.c
Linking C executable cmTC_a4bba
/usr/bin/cmake -E cmake_link_script CMakeFiles/cmTC_a4bba.dir/link.txt --verbose=1
/usr/bin/cc       CMakeFiles/cmTC_a4bba.dir/feature_tests.c.o  -o cmTC_a4bba -rdynamic 
make[2]: Leaving directory '/home/pi/mjpg-streamer/mjpg-streamer-experimental/_build/CMakeFiles/CMakeTmp'
make[1]: Leaving directory '/home/pi/mjpg-streamer/mjpg-streamer-experimental/_build/CMakeFiles/CMakeTmp'


    Feature record: C_FEATURE:1c_function_prototypes
    Feature record: C_FEATURE:0c_restrict
    Feature record: C_FEATURE:0c_static_assert
    Feature record: C_FEATURE:0c_variadic_macros
Determining if files sys/inotify.h exist passed with the following output:
Change Dir: /home/pi/mjpg-streamer/mjpg-streamer-experimental/_build/CMakeFiles/CMakeTmp

Run Build Command:"/usr/bin/make" "cmTC_3d7ce/fast"
make[1]: Entering directory '/home/pi/mjpg-streamer/mjpg-streamer-experimental/_build/CMakeFiles/CMakeTmp'
/usr/bin/make -f CMakeFiles/cmTC_3d7ce.dir/build.make CMakeFiles/cmTC_3d7ce.dir/build
make[2]: Entering directory '/home/pi/mjpg-streamer/mjpg-streamer-experimental/_build/CMakeFiles/CMakeTmp'
Building C object CMakeFiles/cmTC_3d7ce.dir/CheckIncludeFiles.c.o
/usr/bin/cc     -o CMakeFiles/cmTC_3d7ce.dir/CheckIncludeFiles.c.o   -c /home/pi/mjpg-streamer/mjpg-streamer-experimental/_build/CMakeFiles/CMakeTmp/CheckIncludeFiles.c
Linking C executable cmTC_3d7ce
/usr/bin/cmake -E cmake_link_script CMakeFiles/cmTC_3d7ce.dir/link.txt --verbose=1
/usr/bin/cc       CMakeFiles/cmTC_3d7ce.dir/CheckIncludeFiles.c.o  -o cmTC_3d7ce -rdynamic 
make[2]: Leaving directory '/home/pi/mjpg-streamer/mjpg-streamer-experimental/_build/CMakeFiles/CMakeTmp'
make[1]: Leaving directory '/home/pi/mjpg-streamer/mjpg-streamer-experimental/_build/CMakeFiles/CMakeTmp'


Compiling the CXX compiler identification source file "CMakeCXXCompilerId.cpp" succeeded.
Compiler: /usr/bin/c++ 
Build flags: 
Id flags: 

The output was:
0


Compilation of the CXX compiler identification source "CMakeCXXCompilerId.cpp" produced "a.out"

The CXX compiler identification is GNU, found in "/home/pi/mjpg-streamer/mjpg-streamer-experimental/_build/CMakeFiles/3.7.2/CompilerIdCXX/a.out"

Determining if the CXX compiler works passed with the following output:
Change Dir: /home/pi/mjpg-streamer/mjpg-streamer-experimental/_build/CMakeFiles/CMakeTmp

Run Build Command:"/usr/bin/make" "cmTC_9846e/fast"
make[1]: Entering directory '/home/pi/mjpg-streamer/mjpg-streamer-experimental/_build/CMakeFiles/CMakeTmp'
/usr/bin/make -f CMakeFiles/cmTC_9846e.dir/build.make CMakeFiles/cmTC_9846e.dir/build
make[2]: Entering directory '/home/pi/mjpg-streamer/mjpg-streamer-experimental/_build/CMakeFiles/CMakeTmp'
Building CXX object CMakeFiles/cmTC_9846e.dir/testCXXCompiler.cxx.o
/usr/bin/c++      -o CMakeFiles/cmTC_9846e.dir/testCXXCompiler.cxx.o -c /home/pi/mjpg-streamer/mjpg-streamer-experimental/_build/CMakeFiles/CMakeTmp/testCXXCompiler.cxx
Linking CXX executable cmTC_9846e
/usr/bin/cmake -E cmake_link_script CMakeFiles/cmTC_9846e.dir/link.txt --verbose=1
/usr/bin/c++        CMakeFiles/cmTC_9846e.dir/testCXXCompiler.cxx.o  -o cmTC_9846e -rdynamic 
make[2]: Leaving directory '/home/pi/mjpg-streamer/mjpg-streamer-experimental/_build/CMakeFiles/CMakeTmp'
make[1]: Leaving directory '/home/pi/mjpg-streamer/mjpg-streamer-experimental/_build/CMakeFiles/CMakeTmp'


Detecting CXX compiler ABI info compiled with the following output:
Change Dir: /home/pi/mjpg-streamer/mjpg-streamer-experimental/_build/CMakeFiles/CMakeTmp

Run Build Command:"/usr/bin/make" "cmTC_5b58f/fast"
make[1]: Entering directory '/home/pi/mjpg-streamer/mjpg-streamer-experimental/_build/CMakeFiles/CMakeTmp'
/usr/bin/make -f CMakeFiles/cmTC_5b58f.dir/build.make CMakeFiles/cmTC_5b58f.dir/build
make[2]: Entering directory '/home/pi/mjpg-streamer/mjpg-streamer-experimental/_build/CMakeFiles/CMakeTmp'
Building CXX object CMakeFiles/cmTC_5b58f.dir/CMakeCXXCompilerABI.cpp.o
/usr/bin/c++      -o CMakeFiles/cmTC_5b58f.dir/CMakeCXXCompilerABI.cpp.o -c /usr/share/cmake-3.7/Modules/CMakeCXXCompilerABI.cpp
Linking CXX executable cmTC_5b58f
/usr/bin/cmake -E cmake_link_script CMakeFiles/cmTC_5b58f.dir/link.txt --verbose=1
/usr/bin/c++       -v CMakeFiles/cmTC_5b58f.dir/CMakeCXXCompilerABI.cpp.o  -o cmTC_5b58f -rdynamic  
Using built-in specs.
COLLECT_GCC=/usr/bin/c++
COLLECT_LTO_WRAPPER=/usr/lib/gcc/arm-linux-gnueabihf/6/lto-wrapper
Target: arm-linux-gnueabihf
Configured with: ../src/configure -v --with-pkgversion='Raspbian 6.3.0-18+rpi1+deb9u1' --with-bugurl=file:///usr/share/doc/gcc-6/README.Bugs --enable-languages=c,ada,c++,java,go,d,fortran,objc,obj-c++ --prefix=/usr --program-suffix=-6 --program-prefix=arm-linux-gnueabihf- --enable-shared --enable-linker-build-id --libexecdir=/usr/lib --without-included-gettext --enable-threads=posix --libdir=/usr/lib --enable-nls --with-sysroot=/ --enable-clocale=gnu --enable-libstdcxx-debug --enable-libstdcxx-time=yes --with-default-libstdcxx-abi=new --enable-gnu-unique-object --disable-libitm --disable-libquadmath --enable-plugin --with-system-zlib --disable-browser-plugin --enable-java-awt=gtk --enable-gtk-cairo --with-java-home=/usr/lib/jvm/java-1.5.0-gcj-6-armhf/jre --enable-java-home --with-jvm-root-dir=/usr/lib/jvm/java-1.5.0-gcj-6-armhf --with-jvm-jar-dir=/usr/lib/jvm-exports/java-1.5.0-gcj-6-armhf --with-arch-directory=arm --with-ecj-jar=/usr/share/java/eclipse-ecj.jar --with-target-system-zlib --enable-objc-gc=auto --enable-multiarch --disable-sjlj-exceptions --with-arch=armv6 --with-fpu=vfp --with-float=hard --enable-checking=release --build=arm-linux-gnueabihf --host=arm-linux-gnueabihf --target=arm-linux-gnueabihf
Thread model: posix
gcc version 6.3.0 20170516 (Raspbian 6.3.0-18+rpi1+deb9u1) 
COMPILER_PATH=/usr/lib/gcc/arm-linux-gnueabihf/6/:/usr/lib/gcc/arm-linux-gnueabihf/6/:/usr/lib/gcc/arm-linux-gnueabihf/:/usr/lib/gcc/arm-linux-gnueabihf/6/:/usr/lib/gcc/arm-linux-gnueabihf/
LIBRARY_PATH=/usr/lib/gcc/arm-linux-gnueabihf/6/:/usr/lib/gcc/arm-linux-gnueabihf/6/../../../arm-linux-gnueabihf/:/usr/lib/gcc/arm-linux-gnueabihf/6/../../../:/lib/arm-linux-gnueabihf/:/lib/:/usr/lib/arm-linux-gnueabihf/:/usr/lib/
COLLECT_GCC_OPTIONS='-v' '-o' 'cmTC_5b58f' '-rdynamic' '-shared-libgcc' '-march=armv6' '-mfloat-abi=hard' '-mfpu=vfp' '-mtls-dialect=gnu'
 /usr/lib/gcc/arm-linux-gnueabihf/6/collect2 -plugin /usr/lib/gcc/arm-linux-gnueabihf/6/liblto_plugin.so -plugin-opt=/usr/lib/gcc/arm-linux-gnueabihf/6/lto-wrapper -plugin-opt=-fresolution=/tmp/ccqSOkJh.res -plugin-opt=-pass-through=-lgcc_s -plugin-opt=-pass-through=-lgcc -plugin-opt=-pass-through=-lc -plugin-opt=-pass-through=-lgcc_s -plugin-opt=-pass-through=-lgcc --sysroot=/ --build-id --eh-frame-hdr -export-dynamic -dynamic-linker /lib/ld-linux-armhf.so.3 -X --hash-style=gnu -m armelf_linux_eabi -o cmTC_5b58f /usr/lib/gcc/arm-linux-gnueabihf/6/../../../arm-linux-gnueabihf/crt1.o /usr/lib/gcc/arm-linux-gnueabihf/6/../../../arm-linux-gnueabihf/crti.o /usr/lib/gcc/arm-linux-gnueabihf/6/crtbegin.o -L/usr/lib/gcc/arm-linux-gnueabihf/6 -L/usr/lib/gcc/arm-linux-gnueabihf/6/../../../arm-linux-gnueabihf -L/usr/lib/gcc/arm-linux-gnueabihf/6/../../.. -L/lib/arm-linux-gnueabihf -L/usr/lib/arm-linux-gnueabihf CMakeFiles/cmTC_5b58f.dir/CMakeCXXCompilerABI.cpp.o -lstdc++ -lm -lgcc_s -lgcc -lc -lgcc_s -lgcc /usr/lib/gcc/arm-linux-gnueabihf/6/crtend.o /usr/lib/gcc/arm-linux-gnueabihf/6/../../../arm-linux-gnueabihf/crtn.o
COLLECT_GCC_OPTIONS='-v' '-o' 'cmTC_5b58f' '-rdynamic' '-shared-libgcc' '-march=armv6' '-mfloat-abi=hard' '-mfpu=vfp' '-mtls-dialect=gnu'
make[2]: Leaving directory '/home/pi/mjpg-streamer/mjpg-streamer-experimental/_build/CMakeFiles/CMakeTmp'
make[1]: Leaving directory '/home/pi/mjpg-streamer/mjpg-streamer-experimental/_build/CMakeFiles/CMakeTmp'


Parsed CXX implicit link information from above output:
  link line regex: [^( *|.*[/\])(ld|([^/\]+-)?ld|collect2)[^/\]*( |$)]
  ignore line: [Change Dir: /home/pi/mjpg-streamer/mjpg-streamer-experimental/_build/CMakeFiles/CMakeTmp]
  ignore line: []
  ignore line: [Run Build Command:"/usr/bin/make" "cmTC_5b58f/fast"]
  ignore line: [make[1]: Entering directory '/home/pi/mjpg-streamer/mjpg-streamer-experimental/_build/CMakeFiles/CMakeTmp']
  ignore line: [/usr/bin/make -f CMakeFiles/cmTC_5b58f.dir/build.make CMakeFiles/cmTC_5b58f.dir/build]
  ignore line: [make[2]: Entering directory '/home/pi/mjpg-streamer/mjpg-streamer-experimental/_build/CMakeFiles/CMakeTmp']
  ignore line: [Building CXX object CMakeFiles/cmTC_5b58f.dir/CMakeCXXCompilerABI.cpp.o]
  ignore line: [/usr/bin/c++      -o CMakeFiles/cmTC_5b58f.dir/CMakeCXXCompilerABI.cpp.o -c /usr/share/cmake-3.7/Modules/CMakeCXXCompilerABI.cpp]
  ignore line: [Linking CXX executable cmTC_5b58f]
  ignore line: [/usr/bin/cmake -E cmake_link_script CMakeFiles/cmTC_5b58f.dir/link.txt --verbose=1]
  ignore line: [/usr/bin/c++       -v CMakeFiles/cmTC_5b58f.dir/CMakeCXXCompilerABI.cpp.o  -o cmTC_5b58f -rdynamic  ]
  ignore line: [Using built-in specs.]
  ignore line: [COLLECT_GCC=/usr/bin/c++]
  ignore line: [COLLECT_LTO_WRAPPER=/usr/lib/gcc/arm-linux-gnueabihf/6/lto-wrapper]
  ignore line: [Target: arm-linux-gnueabihf]
  ignore line: [Configured with: ../src/configure -v --with-pkgversion='Raspbian 6.3.0-18+rpi1+deb9u1' --with-bugurl=file:///usr/share/doc/gcc-6/README.Bugs --enable-languages=c,ada,c++,java,go,d,fortran,objc,obj-c++ --prefix=/usr --program-suffix=-6 --program-prefix=arm-linux-gnueabihf- --enable-shared --enable-linker-build-id --libexecdir=/usr/lib --without-included-gettext --enable-threads=posix --libdir=/usr/lib --enable-nls --with-sysroot=/ --enable-clocale=gnu --enable-libstdcxx-debug --enable-libstdcxx-time=yes --with-default-libstdcxx-abi=new --enable-gnu-unique-object --disable-libitm --disable-libquadmath --enable-plugin --with-system-zlib --disable-browser-plugin --enable-java-awt=gtk --enable-gtk-cairo --with-java-home=/usr/lib/jvm/java-1.5.0-gcj-6-armhf/jre --enable-java-home --with-jvm-root-dir=/usr/lib/jvm/java-1.5.0-gcj-6-armhf --with-jvm-jar-dir=/usr/lib/jvm-exports/java-1.5.0-gcj-6-armhf --with-arch-directory=arm --with-ecj-jar=/usr/share/java/eclipse-ecj.jar --with-target-system-zlib --enable-objc-gc=auto --enable-multiarch --disable-sjlj-exceptions --with-arch=armv6 --with-fpu=vfp --with-float=hard --enable-checking=release --build=arm-linux-gnueabihf --host=arm-linux-gnueabihf --target=arm-linux-gnueabihf]
  ignore line: [Thread model: posix]
  ignore line: [gcc version 6.3.0 20170516 (Raspbian 6.3.0-18+rpi1+deb9u1) ]
  ignore line: [COMPILER_PATH=/usr/lib/gcc/arm-linux-gnueabihf/6/:/usr/lib/gcc/arm-linux-gnueabihf/6/:/usr/lib/gcc/arm-linux-gnueabihf/:/usr/lib/gcc/arm-linux-gnueabihf/6/:/usr/lib/gcc/arm-linux-gnueabihf/]
  ignore line: [LIBRARY_PATH=/usr/lib/gcc/arm-linux-gnueabihf/6/:/usr/lib/gcc/arm-linux-gnueabihf/6/../../../arm-linux-gnueabihf/:/usr/lib/gcc/arm-linux-gnueabihf/6/../../../:/lib/arm-linux-gnueabihf/:/lib/:/usr/lib/arm-linux-gnueabihf/:/usr/lib/]
  ignore line: [COLLECT_GCC_OPTIONS='-v' '-o' 'cmTC_5b58f' '-rdynamic' '-shared-libgcc' '-march=armv6' '-mfloat-abi=hard' '-mfpu=vfp' '-mtls-dialect=gnu']
  link line: [ /usr/lib/gcc/arm-linux-gnueabihf/6/collect2 -plugin /usr/lib/gcc/arm-linux-gnueabihf/6/liblto_plugin.so -plugin-opt=/usr/lib/gcc/arm-linux-gnueabihf/6/lto-wrapper -plugin-opt=-fresolution=/tmp/ccqSOkJh.res -plugin-opt=-pass-through=-lgcc_s -plugin-opt=-pass-through=-lgcc -plugin-opt=-pass-through=-lc -plugin-opt=-pass-through=-lgcc_s -plugin-opt=-pass-through=-lgcc --sysroot=/ --build-id --eh-frame-hdr -export-dynamic -dynamic-linker /lib/ld-linux-armhf.so.3 -X --hash-style=gnu -m armelf_linux_eabi -o cmTC_5b58f /usr/lib/gcc/arm-linux-gnueabihf/6/../../../arm-linux-gnueabihf/crt1.o /usr/lib/gcc/arm-linux-gnueabihf/6/../../../arm-linux-gnueabihf/crti.o /usr/lib/gcc/arm-linux-gnueabihf/6/crtbegin.o -L/usr/lib/gcc/arm-linux-gnueabihf/6 -L/usr/lib/gcc/arm-linux-gnueabihf/6/../../../arm-linux-gnueabihf -L/usr/lib/gcc/arm-linux-gnueabihf/6/../../.. -L/lib/arm-linux-gnueabihf -L/usr/lib/arm-linux-gnueabihf CMakeFiles/cmTC_5b58f.dir/CMakeCXXCompilerABI.cpp.o -lstdc++ -lm -lgcc_s -lgcc -lc -lgcc_s -lgcc /usr/lib/gcc/arm-linux-gnueabihf/6/crtend.o /usr/lib/gcc/arm-linux-gnueabihf/6/../../../arm-linux-gnueabihf/crtn.o]
    arg [/usr/lib/gcc/arm-linux-gnueabihf/6/collect2] ==> ignore
    arg [-plugin] ==> ignore
    arg [/usr/lib/gcc/arm-linux-gnueabihf/6/liblto_plugin.so] ==> ignore
    arg [-plugin-opt=/usr/lib/gcc/arm-linux-gnueabihf/6/lto-wrapper] ==> ignore
    arg [-plugin-opt=-fresolution=/tmp/ccqSOkJh.res] ==> ignore
    arg [-plugin-opt=-pass-through=-lgcc_s] ==> ignore
    arg [-plugin-opt=-pass-through=-lgcc] ==> ignore
    arg [-plugin-opt=-pass-through=-lc] ==> ignore
    arg [-plugin-opt=-pass-through=-lgcc_s] ==> ignore
    arg [-plugin-opt=-pass-through=-lgcc] ==> ignore
    arg [--sysroot=/] ==> ignore
    arg [--build-id] ==> ignore
    arg [--eh-frame-hdr] ==> ignore
    arg [-export-dynamic] ==> ignore
    arg [-dynamic-linker] ==> ignore
    arg [/lib/ld-linux-armhf.so.3] ==> ignore
    arg [-X] ==> ignore
    arg [--hash-style=gnu] ==> ignore
    arg [-m] ==> ignore
    arg [armelf_linux_eabi] ==> ignore
    arg [-o] ==> ignore
    arg [cmTC_5b58f] ==> ignore
    arg [/usr/lib/gcc/arm-linux-gnueabihf/6/../../../arm-linux-gnueabihf/crt1.o] ==> ignore
    arg [/usr/lib/gcc/arm-linux-gnueabihf/6/../../../arm-linux-gnueabihf/crti.o] ==> ignore
    arg [/usr/lib/gcc/arm-linux-gnueabihf/6/crtbegin.o] ==> ignore
    arg [-L/usr/lib/gcc/arm-linux-gnueabihf/6] ==> dir [/usr/lib/gcc/arm-linux-gnueabihf/6]
    arg [-L/usr/lib/gcc/arm-linux-gnueabihf/6/../../../arm-linux-gnueabihf] ==> dir [/usr/lib/gcc/arm-linux-gnueabihf/6/../../../arm-linux-gnueabihf]
    arg [-L/usr/lib/gcc/arm-linux-gnueabihf/6/../../..] ==> dir [/usr/lib/gcc/arm-linux-gnueabihf/6/../../..]
    arg [-L/lib/arm-linux-gnueabihf] ==> dir [/lib/arm-linux-gnueabihf]
    arg [-L/usr/lib/arm-linux-gnueabihf] ==> dir [/usr/lib/arm-linux-gnueabihf]
    arg [CMakeFiles/cmTC_5b58f.dir/CMakeCXXCompilerABI.cpp.o] ==> ignore
    arg [-lstdc++] ==> lib [stdc++]
    arg [-lm] ==> lib [m]
    arg [-lgcc_s] ==> lib [gcc_s]
    arg [-lgcc] ==> lib [gcc]
    arg [-lc] ==> lib [c]
    arg [-lgcc_s] ==> lib [gcc_s]
    arg [-lgcc] ==> lib [gcc]
    arg [/usr/lib/gcc/arm-linux-gnueabihf/6/crtend.o] ==> ignore
    arg [/usr/lib/gcc/arm-linux-gnueabihf/6/../../../arm-linux-gnueabihf/crtn.o] ==> ignore
  remove lib [gcc_s]
  remove lib [gcc]
  remove lib [gcc_s]
  remove lib [gcc]
  collapse library dir [/usr/lib/gcc/arm-linux-gnueabihf/6] ==> [/usr/lib/gcc/arm-linux-gnueabihf/6]
  collapse library dir [/usr/lib/gcc/arm-linux-gnueabihf/6/../../../arm-linux-gnueabihf] ==> [/usr/lib/arm-linux-gnueabihf]
  collapse library dir [/usr/lib/gcc/arm-linux-gnueabihf/6/../../..] ==> [/usr/lib]
  collapse library dir [/lib/arm-linux-gnueabihf] ==> [/lib/arm-linux-gnueabihf]
  collapse library dir [/usr/lib/arm-linux-gnueabihf] ==> [/usr/lib/arm-linux-gnueabihf]
  implicit libs: [stdc++;m;c]
  implicit dirs: [/usr/lib/gcc/arm-linux-gnueabihf/6;/usr/lib/arm-linux-gnueabihf;/usr/lib;/lib/arm-linux-gnueabihf]
  implicit fwks: []




Detecting CXX [-std=c++14] compiler features compiled with the following output:
Change Dir: /home/pi/mjpg-streamer/mjpg-streamer-experimental/_build/CMakeFiles/CMakeTmp

Run Build Command:"/usr/bin/make" "cmTC_b658d/fast"
make[1]: Entering directory '/home/pi/mjpg-streamer/mjpg-streamer-experimental/_build/CMakeFiles/CMakeTmp'
/usr/bin/make -f CMakeFiles/cmTC_b658d.dir/build.make CMakeFiles/cmTC_b658d.dir/build
make[2]: Entering directory '/home/pi/mjpg-streamer/mjpg-streamer-experimental/_build/CMakeFiles/CMakeTmp'
Building CXX object CMakeFiles/cmTC_b658d.dir/feature_tests.cxx.o
/usr/bin/c++     -std=c++14 -o CMakeFiles/cmTC_b658d.dir/feature_tests.cxx.o -c /home/pi/mjpg-streamer/mjpg-streamer-experimental/_build/CMakeFiles/feature_tests.cxx
Linking CXX executable cmTC_b658d
/usr/bin/cmake -E cmake_link_script CMakeFiles/cmTC_b658d.dir/link.txt --verbose=1
/usr/bin/c++        CMakeFiles/cmTC_b658d.dir/feature_tests.cxx.o  -o cmTC_b658d -rdynamic 
make[2]: Leaving directory '/home/pi/mjpg-streamer/mjpg-streamer-experimental/_build/CMakeFiles/CMakeTmp'
make[1]: Leaving directory '/home/pi/mjpg-streamer/mjpg-streamer-experimental/_build/CMakeFiles/CMakeTmp'


    Feature record: CXX_FEATURE:1cxx_aggregate_default_initializers
    Feature record: CXX_FEATURE:1cxx_alias_templates
    Feature record: CXX_FEATURE:1cxx_alignas
    Feature record: CXX_FEATURE:1cxx_alignof
    Feature record: CXX_FEATURE:1cxx_attributes
    Feature record: CXX_FEATURE:1cxx_attribute_deprecated
    Feature record: CXX_FEATURE:1cxx_auto_type
    Feature record: CXX_FEATURE:1cxx_binary_literals
    Feature record: CXX_FEATURE:1cxx_constexpr
    Feature record: CXX_FEATURE:1cxx_contextual_conversions
    Feature record: CXX_FEATURE:1cxx_decltype
    Feature record: CXX_FEATURE:1cxx_decltype_auto
    Feature record: CXX_FEATURE:1cxx_decltype_incomplete_return_types
    Feature record: CXX_FEATURE:1cxx_default_function_template_args
    Feature record: CXX_FEATURE:1cxx_defaulted_functions
    Feature record: CXX_FEATURE:1cxx_defaulted_move_initializers
    Feature record: CXX_FEATURE:1cxx_delegating_constructors
    Feature record: CXX_FEATURE:1cxx_deleted_functions
    Feature record: CXX_FEATURE:1cxx_digit_separators
    Feature record: CXX_FEATURE:1cxx_enum_forward_declarations
    Feature record: CXX_FEATURE:1cxx_explicit_conversions
    Feature record: CXX_FEATURE:1cxx_extended_friend_declarations
    Feature record: CXX_FEATURE:1cxx_extern_templates
    Feature record: CXX_FEATURE:1cxx_final
    Feature record: CXX_FEATURE:1cxx_func_identifier
    Feature record: CXX_FEATURE:1cxx_generalized_initializers
    Feature record: CXX_FEATURE:1cxx_generic_lambdas
    Feature record: CXX_FEATURE:1cxx_inheriting_constructors
    Feature record: CXX_FEATURE:1cxx_inline_namespaces
    Feature record: CXX_FEATURE:1cxx_lambdas
    Feature record: CXX_FEATURE:1cxx_lambda_init_captures
    Feature record: CXX_FEATURE:1cxx_local_type_template_args
    Feature record: CXX_FEATURE:1cxx_long_long_type
    Feature record: CXX_FEATURE:1cxx_noexcept
    Feature record: CXX_FEATURE:1cxx_nonstatic_member_init
    Feature record: CXX_FEATURE:1cxx_nullptr
    Feature record: CXX_FEATURE:1cxx_override
    Feature record: CXX_FEATURE:1cxx_range_for
    Feature record: CXX_FEATURE:1cxx_raw_string_literals
    Feature record: CXX_FEATURE:1cxx_reference_qualified_functions
    Feature record: CXX_FEATURE:1cxx_relaxed_constexpr
    Feature record: CXX_FEATURE:1cxx_return_type_deduction
    Feature record: CXX_FEATURE:1cxx_right_angle_brackets
    Feature record: CXX_FEATURE:1cxx_rvalue_references
    Feature record: CXX_FEATURE:1cxx_sizeof_member
    Feature record: CXX_FEATURE:1cxx_static_assert
    Feature record: CXX_FEATURE:1cxx_strong_enums
    Feature record: CXX_FEATURE:1cxx_template_template_parameters
    Feature record: CXX_FEATURE:1cxx_thread_local
    Feature record: CXX_FEATURE:1cxx_trailing_return_types
    Feature record: CXX_FEATURE:1cxx_unicode_literals
    Feature record: CXX_FEATURE:1cxx_uniform_initialization
    Feature record: CXX_FEATURE:1cxx_unrestricted_unions
    Feature record: CXX_FEATURE:1cxx_user_literals
    Feature record: CXX_FEATURE:1cxx_variable_templates
    Feature record: CXX_FEATURE:1cxx_variadic_macros
    Feature record: CXX_FEATURE:1cxx_variadic_templates


Detecting CXX [-std=c++11] compiler features compiled with the following output:
Change Dir: /home/pi/mjpg-streamer/mjpg-streamer-experimental/_build/CMakeFiles/CMakeTmp

Run Build Command:"/usr/bin/make" "cmTC_60023/fast"
make[1]: Entering directory '/home/pi/mjpg-streamer/mjpg-streamer-experimental/_build/CMakeFiles/CMakeTmp'
/usr/bin/make -f CMakeFiles/cmTC_60023.dir/build.make CMakeFiles/cmTC_60023.dir/build
make[2]: Entering directory '/home/pi/mjpg-streamer/mjpg-streamer-experimental/_build/CMakeFiles/CMakeTmp'
Building CXX object CMakeFiles/cmTC_60023.dir/feature_tests.cxx.o
/usr/bin/c++     -std=c++11 -o CMakeFiles/cmTC_60023.dir/feature_tests.cxx.o -c /home/pi/mjpg-streamer/mjpg-streamer-experimental/_build/CMakeFiles/feature_tests.cxx
Linking CXX executable cmTC_60023
/usr/bin/cmake -E cmake_link_script CMakeFiles/cmTC_60023.dir/link.txt --verbose=1
/usr/bin/c++        CMakeFiles/cmTC_60023.dir/feature_tests.cxx.o  -o cmTC_60023 -rdynamic 
make[2]: Leaving directory '/home/pi/mjpg-streamer/mjpg-streamer-experimental/_build/CMakeFiles/CMakeTmp'
make[1]: Leaving directory '/home/pi/mjpg-streamer/mjpg-streamer-experimental/_build/CMakeFiles/CMakeTmp'


    Feature record: CXX_FEATURE:0cxx_aggregate_default_initializers
    Feature record: CXX_FEATURE:1cxx_alias_templates
    Feature record: CXX_FEATURE:1cxx_alignas
    Feature record: CXX_FEATURE:1cxx_alignof
    Feature record: CXX_FEATURE:1cxx_attributes
    Feature record: CXX_FEATURE:0cxx_attribute_deprecated
    Feature record: CXX_FEATURE:1cxx_auto_type
    Feature record: CXX_FEATURE:0cxx_binary_literals
    Feature record: CXX_FEATURE:1cxx_constexpr
    Feature record: CXX_FEATURE:0cxx_contextual_conversions
    Feature record: CXX_FEATURE:1cxx_decltype
    Feature record: CXX_FEATURE:0cxx_decltype_auto
    Feature record: CXX_FEATURE:1cxx_decltype_incomplete_return_types
    Feature record: CXX_FEATURE:1cxx_default_function_template_args
    Feature record: CXX_FEATURE:1cxx_defaulted_functions
    Feature record: CXX_FEATURE:1cxx_defaulted_move_initializers
    Feature record: CXX_FEATURE:1cxx_delegating_constructors
    Feature record: CXX_FEATURE:1cxx_deleted_functions
    Feature record: CXX_FEATURE:0cxx_digit_separators
    Feature record: CXX_FEATURE:1cxx_enum_forward_declarations
    Feature record: CXX_FEATURE:1cxx_explicit_conversions
    Feature record: CXX_FEATURE:1cxx_extended_friend_declarations
    Feature record: CXX_FEATURE:1cxx_extern_templates
    Feature record: CXX_FEATURE:1cxx_final
    Feature record: CXX_FEATURE:1cxx_func_identifier
    Feature record: CXX_FEATURE:1cxx_generalized_initializers
    Feature record: CXX_FEATURE:0cxx_generic_lambdas
    Feature record: CXX_FEATURE:1cxx_inheriting_constructors
    Feature record: CXX_FEATURE:1cxx_inline_namespaces
    Feature record: CXX_FEATURE:1cxx_lambdas
    Feature record: CXX_FEATURE:0cxx_lambda_init_captures
    Feature record: CXX_FEATURE:1cxx_local_type_template_args
    Feature record: CXX_FEATURE:1cxx_long_long_type
    Feature record: CXX_FEATURE:1cxx_noexcept
    Feature record: CXX_FEATURE:1cxx_nonstatic_member_init
    Feature record: CXX_FEATURE:1cxx_nullptr
    Feature record: CXX_FEATURE:1cxx_override
    Feature record: CXX_FEATURE:1cxx_range_for
    Feature record: CXX_FEATURE:1cxx_raw_string_literals
    Feature record: CXX_FEATURE:1cxx_reference_qualified_functions
    Feature record: CXX_FEATURE:0cxx_relaxed_constexpr
    Feature record: CXX_FEATURE:0cxx_return_type_deduction
    Feature record: CXX_FEATURE:1cxx_right_angle_brackets
    Feature record: CXX_FEATURE:1cxx_rvalue_references
    Feature record: CXX_FEATURE:1cxx_sizeof_member
    Feature record: CXX_FEATURE:1cxx_static_assert
    Feature record: CXX_FEATURE:1cxx_strong_enums
    Feature record: CXX_FEATURE:1cxx_template_template_parameters
    Feature record: CXX_FEATURE:1cxx_thread_local
    Feature record: CXX_FEATURE:1cxx_trailing_return_types
    Feature record: CXX_FEATURE:1cxx_unicode_literals
    Feature record: CXX_FEATURE:1cxx_uniform_initialization
    Feature record: CXX_FEATURE:1cxx_unrestricted_unions
    Feature record: CXX_FEATURE:1cxx_user_literals
    Feature record: CXX_FEATURE:0cxx_variable_templates
    Feature record: CXX_FEATURE:1cxx_variadic_macros
    Feature record: CXX_FEATURE:1cxx_variadic_templates


Detecting CXX [-std=c++98] compiler features compiled with the following output:
Change Dir: /home/pi/mjpg-streamer/mjpg-streamer-experimental/_build/CMakeFiles/CMakeTmp

Run Build Command:"/usr/bin/make" "cmTC_b7d99/fast"
make[1]: Entering directory '/home/pi/mjpg-streamer/mjpg-streamer-experimental/_build/CMakeFiles/CMakeTmp'
/usr/bin/make -f CMakeFiles/cmTC_b7d99.dir/build.make CMakeFiles/cmTC_b7d99.dir/build
make[2]: Entering directory '/home/pi/mjpg-streamer/mjpg-streamer-experimental/_build/CMakeFiles/CMakeTmp'
Building CXX object CMakeFiles/cmTC_b7d99.dir/feature_tests.cxx.o
/usr/bin/c++     -std=c++98 -o CMakeFiles/cmTC_b7d99.dir/feature_tests.cxx.o -c /home/pi/mjpg-streamer/mjpg-streamer-experimental/_build/CMakeFiles/feature_tests.cxx
Linking CXX executable cmTC_b7d99
/usr/bin/cmake -E cmake_link_script CMakeFiles/cmTC_b7d99.dir/link.txt --verbose=1
/usr/bin/c++        CMakeFiles/cmTC_b7d99.dir/feature_tests.cxx.o  -o cmTC_b7d99 -rdynamic 
make[2]: Leaving directory '/home/pi/mjpg-streamer/mjpg-streamer-experimental/_build/CMakeFiles/CMakeTmp'
make[1]: Leaving directory '/home/pi/mjpg-streamer/mjpg-streamer-experimental/_build/CMakeFiles/CMakeTmp'


    Feature record: CXX_FEATURE:0cxx_aggregate_default_initializers
    Feature record: CXX_FEATURE:0cxx_alias_templates
    Feature record: CXX_FEATURE:0cxx_alignas
    Feature record: CXX_FEATURE:0cxx_alignof
    Feature record: CXX_FEATURE:0cxx_attributes
    Feature record: CXX_FEATURE:0cxx_attribute_deprecated
    Feature record: CXX_FEATURE:0cxx_auto_type
    Feature record: CXX_FEATURE:0cxx_binary_literals
    Feature record: CXX_FEATURE:0cxx_constexpr
    Feature record: CXX_FEATURE:0cxx_contextual_conversions
    Feature record: CXX_FEATURE:0cxx_decltype
    Feature record: CXX_FEATURE:0cxx_decltype_auto
    Feature record: CXX_FEATURE:0cxx_decltype_incomplete_return_types
    Feature record: CXX_FEATURE:0cxx_default_function_template_args
    Feature record: CXX_FEATURE:0cxx_defaulted_functions
    Feature record: CXX_FEATURE:0cxx_defaulted_move_initializers
    Feature record: CXX_FEATURE:0cxx_delegating_constructors
    Feature record: CXX_FEATURE:0cxx_deleted_functions
    Feature record: CXX_FEATURE:0cxx_digit_separators
    Feature record: CXX_FEATURE:0cxx_enum_forward_declarations
    Feature record: CXX_FEATURE:0cxx_explicit_conversions
    Feature record: CXX_FEATURE:0cxx_extended_friend_declarations
    Feature record: CXX_FEATURE:0cxx_extern_templates
    Feature record: CXX_FEATURE:0cxx_final
    Feature record: CXX_FEATURE:0cxx_func_identifier
    Feature record: CXX_FEATURE:0cxx_generalized_initializers
    Feature record: CXX_FEATURE:0cxx_generic_lambdas
    Feature record: CXX_FEATURE:0cxx_inheriting_constructors
    Feature record: CXX_FEATURE:0cxx_inline_namespaces
    Feature record: CXX_FEATURE:0cxx_lambdas
    Feature record: CXX_FEATURE:0cxx_lambda_init_captures
    Feature record: CXX_FEATURE:0cxx_local_type_template_args
    Feature record: CXX_FEATURE:0cxx_long_long_type
    Feature record: CXX_FEATURE:0cxx_noexcept
    Feature record: CXX_FEATURE:0cxx_nonstatic_member_init
    Feature record: CXX_FEATURE:0cxx_nullptr
    Feature record: CXX_FEATURE:0cxx_override
    Feature record: CXX_FEATURE:0cxx_range_for
    Feature record: CXX_FEATURE:0cxx_raw_string_literals
    Feature record: CXX_FEATURE:0cxx_reference_qualified_functions
    Feature record: CXX_FEATURE:0cxx_relaxed_constexpr
    Feature record: CXX_FEATURE:0cxx_return_type_deduction
    Feature record: CXX_FEATURE:0cxx_right_angle_brackets
    Feature record: CXX_FEATURE:0cxx_rvalue_references
    Feature record: CXX_FEATURE:0cxx_sizeof_member
    Feature record: CXX_FEATURE:0cxx_static_assert
    Feature record: CXX_FEATURE:0cxx_strong_enums
    Feature record: CXX_FEATURE:1cxx_template_template_parameters
    Feature record: CXX_FEATURE:0cxx_thread_local
    Feature record: CXX_FEATURE:0cxx_trailing_return_types
    Feature record: CXX_FEATURE:0cxx_unicode_literals
    Feature record: CXX_FEATURE:0cxx_uniform_initialization
    Feature record: CXX_FEATURE:0cxx_unrestricted_unions
    Feature record: CXX_FEATURE:0cxx_user_literals
    Feature record: CXX_FEATURE:0cxx_variable_templates
    Feature record: CXX_FEATURE:0cxx_variadic_macros
    Feature record: CXX_FEATURE:0cxx_variadic_templates
Determining if files linux/videodev2.h exist passed with the following output:
Change Dir: /home/pi/mjpg-streamer/mjpg-streamer-experimental/_build/CMakeFiles/CMakeTmp

Run Build Command:"/usr/bin/make" "cmTC_986ed/fast"
make[1]: Entering directory '/home/pi/mjpg-streamer/mjpg-streamer-experimental/_build/CMakeFiles/CMakeTmp'
/usr/bin/make -f CMakeFiles/cmTC_986ed.dir/build.make CMakeFiles/cmTC_986ed.dir/build
make[2]: Entering directory '/home/pi/mjpg-streamer/mjpg-streamer-experimental/_build/CMakeFiles/CMakeTmp'
Building C object CMakeFiles/cmTC_986ed.dir/CheckIncludeFiles.c.o
/usr/bin/cc     -o CMakeFiles/cmTC_986ed.dir/CheckIncludeFiles.c.o   -c /home/pi/mjpg-streamer/mjpg-streamer-experimental/_build/CMakeFiles/CMakeTmp/CheckIncludeFiles.c
Linking C executable cmTC_986ed
/usr/bin/cmake -E cmake_link_script CMakeFiles/cmTC_986ed.dir/link.txt --verbose=1
/usr/bin/cc       CMakeFiles/cmTC_986ed.dir/CheckIncludeFiles.c.o  -o cmTC_986ed -rdynamic 
make[2]: Leaving directory '/home/pi/mjpg-streamer/mjpg-streamer-experimental/_build/CMakeFiles/CMakeTmp'
make[1]: Leaving directory '/home/pi/mjpg-streamer/mjpg-streamer-experimental/_build/CMakeFiles/CMakeTmp'


Determining if the include file pthread.h exists passed with the following output:
Change Dir: /home/pi/mjpg-streamer/mjpg-streamer-experimental/_build/CMakeFiles/CMakeTmp

Run Build Command:"/usr/bin/make" "cmTC_ddd27/fast"
make[1]: Entering directory '/home/pi/mjpg-streamer/mjpg-streamer-experimental/_build/CMakeFiles/CMakeTmp'
/usr/bin/make -f CMakeFiles/cmTC_ddd27.dir/build.make CMakeFiles/cmTC_ddd27.dir/build
make[2]: Entering directory '/home/pi/mjpg-streamer/mjpg-streamer-experimental/_build/CMakeFiles/CMakeTmp'
Building C object CMakeFiles/cmTC_ddd27.dir/CheckIncludeFile.c.o
/usr/bin/cc     -o CMakeFiles/cmTC_ddd27.dir/CheckIncludeFile.c.o   -c /home/pi/mjpg-streamer/mjpg-streamer-experimental/_build/CMakeFiles/CMakeTmp/CheckIncludeFile.c
Linking C executable cmTC_ddd27
/usr/bin/cmake -E cmake_link_script CMakeFiles/cmTC_ddd27.dir/link.txt --verbose=1
/usr/bin/cc       CMakeFiles/cmTC_ddd27.dir/CheckIncludeFile.c.o  -o cmTC_ddd27 -rdynamic 
make[2]: Leaving directory '/home/pi/mjpg-streamer/mjpg-streamer-experimental/_build/CMakeFiles/CMakeTmp'
make[1]: Leaving directory '/home/pi/mjpg-streamer/mjpg-streamer-experimental/_build/CMakeFiles/CMakeTmp'


Determining if the function pthread_create exists in the pthread passed with the following output:
Change Dir: /home/pi/mjpg-streamer/mjpg-streamer-experimental/_build/CMakeFiles/CMakeTmp

Run Build Command:"/usr/bin/make" "cmTC_15d49/fast"
make[1]: Entering directory '/home/pi/mjpg-streamer/mjpg-streamer-experimental/_build/CMakeFiles/CMakeTmp'
/usr/bin/make -f CMakeFiles/cmTC_15d49.dir/build.make CMakeFiles/cmTC_15d49.dir/build
make[2]: Entering directory '/home/pi/mjpg-streamer/mjpg-streamer-experimental/_build/CMakeFiles/CMakeTmp'
Building C object CMakeFiles/cmTC_15d49.dir/CheckFunctionExists.c.o
/usr/bin/cc    -DCHECK_FUNCTION_EXISTS=pthread_create   -o CMakeFiles/cmTC_15d49.dir/CheckFunctionExists.c.o   -c /usr/share/cmake-3.7/Modules/CheckFunctionExists.c
Linking C executable cmTC_15d49
/usr/bin/cmake -E cmake_link_script CMakeFiles/cmTC_15d49.dir/link.txt --verbose=1
/usr/bin/cc   -DCHECK_FUNCTION_EXISTS=pthread_create    CMakeFiles/cmTC_15d49.dir/CheckFunctionExists.c.o  -o cmTC_15d49 -rdynamic -lpthread 
make[2]: Leaving directory '/home/pi/mjpg-streamer/mjpg-streamer-experimental/_build/CMakeFiles/CMakeTmp'
make[1]: Leaving directory '/home/pi/mjpg-streamer/mjpg-streamer-experimental/_build/CMakeFiles/CMakeTmp'


The system is: Linux - 4.19.75-v7l+ - armv7l
Compiling the C compiler identification source file "CMakeCCompilerId.c" succeeded.
Compiler: /usr/bin/cc 
Build flags: 
Id flags:  

The output was:
0


Compilation of the C compiler identification source "CMakeCCompilerId.c" produced "a.out"

The C compiler identification is GNU, found in "/home/pi/mjpg-streamer/mjpg-streamer-experimental/_build/CMakeFiles/3.13.4/CompilerIdC/a.out"

Determining if the C compiler works passed with the following output:
Change Dir: /home/pi/mjpg-streamer/mjpg-streamer-experimental/_build/CMakeFiles/CMakeTmp

Run Build Command:"/usr/bin/make" "cmTC_61c21/fast"
make[2]: Entering directory '/home/pi/mjpg-streamer/mjpg-streamer-experimental/_build/CMakeFiles/CMakeTmp'
/usr/bin/make -f CMakeFiles/cmTC_61c21.dir/build.make CMakeFiles/cmTC_61c21.dir/build
make[3]: Entering directory '/home/pi/mjpg-streamer/mjpg-streamer-experimental/_build/CMakeFiles/CMakeTmp'
Building C object CMakeFiles/cmTC_61c21.dir/testCCompiler.c.o
/usr/bin/cc    -o CMakeFiles/cmTC_61c21.dir/testCCompiler.c.o   -c /home/pi/mjpg-streamer/mjpg-streamer-experimental/_build/CMakeFiles/CMakeTmp/testCCompiler.c
Linking C executable cmTC_61c21
/usr/bin/cmake -E cmake_link_script CMakeFiles/cmTC_61c21.dir/link.txt --verbose=1
/usr/bin/cc      -rdynamic CMakeFiles/cmTC_61c21.dir/testCCompiler.c.o  -o cmTC_61c21 
make[3]: Leaving directory '/home/pi/mjpg-streamer/mjpg-streamer-experimental/_build/CMakeFiles/CMakeTmp'
make[2]: Leaving directory '/home/pi/mjpg-streamer/mjpg-streamer-experimental/_build/CMakeFiles/CMakeTmp'


Detecting C compiler ABI info compiled with the following output:
Change Dir: /home/pi/mjpg-streamer/mjpg-streamer-experimental/_build/CMakeFiles/CMakeTmp

Run Build Command:"/usr/bin/make" "cmTC_71d3b/fast"
make[2]: Entering directory '/home/pi/mjpg-streamer/mjpg-streamer-experimental/_build/CMakeFiles/CMakeTmp'
/usr/bin/make -f CMakeFiles/cmTC_71d3b.dir/build.make CMakeFiles/cmTC_71d3b.dir/build
make[3]: Entering directory '/home/pi/mjpg-streamer/mjpg-streamer-experimental/_build/CMakeFiles/CMakeTmp'
Building C object CMakeFiles/cmTC_71d3b.dir/CMakeCCompilerABI.c.o
/usr/bin/cc    -o CMakeFiles/cmTC_71d3b.dir/CMakeCCompilerABI.c.o   -c /usr/share/cmake-3.13/Modules/CMakeCCompilerABI.c
Linking C executable cmTC_71d3b
/usr/bin/cmake -E cmake_link_script CMakeFiles/cmTC_71d3b.dir/link.txt --verbose=1
/usr/bin/cc     -v -rdynamic CMakeFiles/cmTC_71d3b.dir/CMakeCCompilerABI.c.o  -o cmTC_71d3b 
Using built-in specs.
COLLECT_GCC=/usr/bin/cc
COLLECT_LTO_WRAPPER=/usr/lib/gcc/arm-linux-gnueabihf/8/lto-wrapper
Target: arm-linux-gnueabihf
Configured with: ../src/configure -v --with-pkgversion='Raspbian 8.3.0-6+rpi1' --with-bugurl=file:///usr/share/doc/gcc-8/README.Bugs --enable-languages=c,ada,c++,go,d,fortran,objc,obj-c++ --prefix=/usr --with-gcc-major-version-only --program-suffix=-8 --program-prefix=arm-linux-gnueabihf- --enable-shared --enable-linker-build-id --libexecdir=/usr/lib --without-included-gettext --enable-threads=posix --libdir=/usr/lib --enable-nls --enable-bootstrap --enable-clocale=gnu --enable-libstdcxx-debug --enable-libstdcxx-time=yes --with-default-libstdcxx-abi=new --enable-gnu-unique-object --disable-libitm --disable-libquadmath --disable-libquadmath-support --enable-plugin --with-system-zlib --with-target-system-zlib --enable-objc-gc=auto --enable-multiarch --disable-sjlj-exceptions --with-arch=armv6 --with-fpu=vfp --with-float=hard --disable-werror --enable-checking=release --build=arm-linux-gnueabihf --host=arm-linux-gnueabihf --target=arm-linux-gnueabihf
Thread model: posix
gcc version 8.3.0 (Raspbian 8.3.0-6+rpi1) 
COMPILER_PATH=/usr/lib/gcc/arm-linux-gnueabihf/8/:/usr/lib/gcc/arm-linux-gnueabihf/8/:/usr/lib/gcc/arm-linux-gnueabihf/:/usr/lib/gcc/arm-linux-gnueabihf/8/:/usr/lib/gcc/arm-linux-gnueabihf/
LIBRARY_PATH=/usr/lib/gcc/arm-linux-gnueabihf/8/:/usr/lib/gcc/arm-linux-gnueabihf/8/../../../arm-linux-gnueabihf/:/usr/lib/gcc/arm-linux-gnueabihf/8/../../../:/lib/arm-linux-gnueabihf/:/lib/:/usr/lib/arm-linux-gnueabihf/:/usr/lib/
COLLECT_GCC_OPTIONS='-v' '-rdynamic' '-o' 'cmTC_71d3b'  '-mfloat-abi=hard' '-mfpu=vfp' '-mtls-dialect=gnu' '-marm' '-march=armv6+fp'
 /usr/lib/gcc/arm-linux-gnueabihf/8/collect2 -plugin /usr/lib/gcc/arm-linux-gnueabihf/8/liblto_plugin.so -plugin-opt=/usr/lib/gcc/arm-linux-gnueabihf/8/lto-wrapper -plugin-opt=-fresolution=/tmp/cceHkRw1.res -plugin-opt=-pass-through=-lgcc -plugin-opt=-pass-through=-lgcc_s -plugin-opt=-pass-through=-lc -plugin-opt=-pass-through=-lgcc -plugin-opt=-pass-through=-lgcc_s --build-id --eh-frame-hdr -export-dynamic -dynamic-linker /lib/ld-linux-armhf.so.3 -X --hash-style=gnu -m armelf_linux_eabi -o cmTC_71d3b /usr/lib/gcc/arm-linux-gnueabihf/8/../../../arm-linux-gnueabihf/crt1.o /usr/lib/gcc/arm-linux-gnueabihf/8/../../../arm-linux-gnueabihf/crti.o /usr/lib/gcc/arm-linux-gnueabihf/8/crtbegin.o -L/usr/lib/gcc/arm-linux-gnueabihf/8 -L/usr/lib/gcc/arm-linux-gnueabihf/8/../../../arm-linux-gnueabihf -L/usr/lib/gcc/arm-linux-gnueabihf/8/../../.. -L/lib/arm-linux-gnueabihf -L/usr/lib/arm-linux-gnueabihf CMakeFiles/cmTC_71d3b.dir/CMakeCCompilerABI.c.o -lgcc --push-state --as-needed -lgcc_s --pop-state -lc -lgcc --push-state --as-needed -lgcc_s --pop-state /usr/lib/gcc/arm-linux-gnueabihf/8/crtend.o /usr/lib/gcc/arm-linux-gnueabihf/8/../../../arm-linux-gnueabihf/crtn.o
COLLECT_GCC_OPTIONS='-v' '-rdynamic' '-o' 'cmTC_71d3b'  '-mfloat-abi=hard' '-mfpu=vfp' '-mtls-dialect=gnu' '-marm' '-march=armv6+fp'
make[3]: Leaving directory '/home/pi/mjpg-streamer/mjpg-streamer-experimental/_build/CMakeFiles/CMakeTmp'
make[2]: Leaving directory '/home/pi/mjpg-streamer/mjpg-streamer-experimental/_build/CMakeFiles/CMakeTmp'


Parsed C implicit link information from above output:
  link line regex: [^( *|.*[/\])(ld|CMAKE_LINK_STARTFILE-NOTFOUND|([^/\]+-)?ld|collect2)[^/\]*( |$)]
  ignore line: [Change Dir: /home/pi/mjpg-streamer/mjpg-streamer-experimental/_build/CMakeFiles/CMakeTmp]
  ignore line: []
  ignore line: [Run Build Command:"/usr/bin/make" "cmTC_71d3b/fast"]
  ignore line: [make[2]: Entering directory '/home/pi/mjpg-streamer/mjpg-streamer-experimental/_build/CMakeFiles/CMakeTmp']
  ignore line: [/usr/bin/make -f CMakeFiles/cmTC_71d3b.dir/build.make CMakeFiles/cmTC_71d3b.dir/build]
  ignore line: [make[3]: Entering directory '/home/pi/mjpg-streamer/mjpg-streamer-experimental/_build/CMakeFiles/CMakeTmp']
  ignore line: [Building C object CMakeFiles/cmTC_71d3b.dir/CMakeCCompilerABI.c.o]
  ignore line: [/usr/bin/cc    -o CMakeFiles/cmTC_71d3b.dir/CMakeCCompilerABI.c.o   -c /usr/share/cmake-3.13/Modules/CMakeCCompilerABI.c]
  ignore line: [Linking C executable cmTC_71d3b]
  ignore line: [/usr/bin/cmake -E cmake_link_script CMakeFiles/cmTC_71d3b.dir/link.txt --verbose=1]
  ignore line: [/usr/bin/cc     -v -rdynamic CMakeFiles/cmTC_71d3b.dir/CMakeCCompilerABI.c.o  -o cmTC_71d3b ]
  ignore line: [Using built-in specs.]
  ignore line: [COLLECT_GCC=/usr/bin/cc]
  ignore line: [COLLECT_LTO_WRAPPER=/usr/lib/gcc/arm-linux-gnueabihf/8/lto-wrapper]
  ignore line: [Target: arm-linux-gnueabihf]
  ignore line: [Configured with: ../src/configure -v --with-pkgversion='Raspbian 8.3.0-6+rpi1' --with-bugurl=file:///usr/share/doc/gcc-8/README.Bugs --enable-languages=c,ada,c++,go,d,fortran,objc,obj-c++ --prefix=/usr --with-gcc-major-version-only --program-suffix=-8 --program-prefix=arm-linux-gnueabihf- --enable-shared --enable-linker-build-id --libexecdir=/usr/lib --without-included-gettext --enable-threads=posix --libdir=/usr/lib --enable-nls --enable-bootstrap --enable-clocale=gnu --enable-libstdcxx-debug --enable-libstdcxx-time=yes --with-default-libstdcxx-abi=new --enable-gnu-unique-object --disable-libitm --disable-libquadmath --disable-libquadmath-support --enable-plugin --with-system-zlib --with-target-system-zlib --enable-objc-gc=auto --enable-multiarch --disable-sjlj-exceptions --with-arch=armv6 --with-fpu=vfp --with-float=hard --disable-werror --enable-checking=release --build=arm-linux-gnueabihf --host=arm-linux-gnueabihf --target=arm-linux-gnueabihf]
  ignore line: [Thread model: posix]
  ignore line: [gcc version 8.3.0 (Raspbian 8.3.0-6+rpi1) ]
  ignore line: [COMPILER_PATH=/usr/lib/gcc/arm-linux-gnueabihf/8/:/usr/lib/gcc/arm-linux-gnueabihf/8/:/usr/lib/gcc/arm-linux-gnueabihf/:/usr/lib/gcc/arm-linux-gnueabihf/8/:/usr/lib/gcc/arm-linux-gnueabihf/]
  ignore line: [LIBRARY_PATH=/usr/lib/gcc/arm-linux-gnueabihf/8/:/usr/lib/gcc/arm-linux-gnueabihf/8/../../../arm-linux-gnueabihf/:/usr/lib/gcc/arm-linux-gnueabihf/8/../../../:/lib/arm-linux-gnueabihf/:/lib/:/usr/lib/arm-linux-gnueabihf/:/usr/lib/]
  ignore line: [COLLECT_GCC_OPTIONS='-v' '-rdynamic' '-o' 'cmTC_71d3b'  '-mfloat-abi=hard' '-mfpu=vfp' '-mtls-dialect=gnu' '-marm' '-march=armv6+fp']
  link line: [ /usr/lib/gcc/arm-linux-gnueabihf/8/collect2 -plugin /usr/lib/gcc/arm-linux-gnueabihf/8/liblto_plugin.so -plugin-opt=/usr/lib/gcc/arm-linux-gnueabihf/8/lto-wrapper -plugin-opt=-fresolution=/tmp/cceHkRw1.res -plugin-opt=-pass-through=-lgcc -plugin-opt=-pass-through=-lgcc_s -plugin-opt=-pass-through=-lc -plugin-opt=-pass-through=-lgcc -plugin-opt=-pass-through=-lgcc_s --build-id --eh-frame-hdr -export-dynamic -dynamic-linker /lib/ld-linux-armhf.so.3 -X --hash-style=gnu -m armelf_linux_eabi -o cmTC_71d3b /usr/lib/gcc/arm-linux-gnueabihf/8/../../../arm-linux-gnueabihf/crt1.o /usr/lib/gcc/arm-linux-gnueabihf/8/../../../arm-linux-gnueabihf/crti.o /usr/lib/gcc/arm-linux-gnueabihf/8/crtbegin.o -L/usr/lib/gcc/arm-linux-gnueabihf/8 -L/usr/lib/gcc/arm-linux-gnueabihf/8/../../../arm-linux-gnueabihf -L/usr/lib/gcc/arm-linux-gnueabihf/8/../../.. -L/lib/arm-linux-gnueabihf -L/usr/lib/arm-linux-gnueabihf CMakeFiles/cmTC_71d3b.dir/CMakeCCompilerABI.c.o -lgcc --push-state --as-needed -lgcc_s --pop-state -lc -lgcc --push-state --as-needed -lgcc_s --pop-state /usr/lib/gcc/arm-linux-gnueabihf/8/crtend.o /usr/lib/gcc/arm-linux-gnueabihf/8/../../../arm-linux-gnueabihf/crtn.o]
    arg [/usr/lib/gcc/arm-linux-gnueabihf/8/collect2] ==> ignore
    arg [-plugin] ==> ignore
    arg [/usr/lib/gcc/arm-linux-gnueabihf/8/liblto_plugin.so] ==> ignore
    arg [-plugin-opt=/usr/lib/gcc/arm-linux-gnueabihf/8/lto-wrapper] ==> ignore
    arg [-plugin-opt=-fresolution=/tmp/cceHkRw1.res] ==> ignore
    arg [-plugin-opt=-pass-through=-lgcc] ==> ignore
    arg [-plugin-opt=-pass-through=-lgcc_s] ==> ignore
    arg [-plugin-opt=-pass-through=-lc] ==> ignore
    arg [-plugin-opt=-pass-through=-lgcc] ==> ignore
    arg [-plugin-opt=-pass-through=-lgcc_s] ==> ignore
    arg [--build-id] ==> ignore
    arg [--eh-frame-hdr] ==> ignore
    arg [-export-dynamic] ==> ignore
    arg [-dynamic-linker] ==> ignore
    arg [/lib/ld-linux-armhf.so.3] ==> ignore
    arg [-X] ==> ignore
    arg [--hash-style=gnu] ==> ignore
    arg [-m] ==> ignore
    arg [armelf_linux_eabi] ==> ignore
    arg [-o] ==> ignore
    arg [cmTC_71d3b] ==> ignore
    arg [/usr/lib/gcc/arm-linux-gnueabihf/8/../../../arm-linux-gnueabihf/crt1.o] ==> ignore
    arg [/usr/lib/gcc/arm-linux-gnueabihf/8/../../../arm-linux-gnueabihf/crti.o] ==> ignore
    arg [/usr/lib/gcc/arm-linux-gnueabihf/8/crtbegin.o] ==> ignore
    arg [-L/usr/lib/gcc/arm-linux-gnueabihf/8] ==> dir [/usr/lib/gcc/arm-linux-gnueabihf/8]
    arg [-L/usr/lib/gcc/arm-linux-gnueabihf/8/../../../arm-linux-gnueabihf] ==> dir [/usr/lib/gcc/arm-linux-gnueabihf/8/../../../arm-linux-gnueabihf]
    arg [-L/usr/lib/gcc/arm-linux-gnueabihf/8/../../..] ==> dir [/usr/lib/gcc/arm-linux-gnueabihf/8/../../..]
    arg [-L/lib/arm-linux-gnueabihf] ==> dir [/lib/arm-linux-gnueabihf]
    arg [-L/usr/lib/arm-linux-gnueabihf] ==> dir [/usr/lib/arm-linux-gnueabihf]
    arg [CMakeFiles/cmTC_71d3b.dir/CMakeCCompilerABI.c.o] ==> ignore
    arg [-lgcc] ==> lib [gcc]
    arg [--push-state] ==> ignore
    arg [--as-needed] ==> ignore
    arg [-lgcc_s] ==> lib [gcc_s]
    arg [--pop-state] ==> ignore
    arg [-lc] ==> lib [c]
    arg [-lgcc] ==> lib [gcc]
    arg [--push-state] ==> ignore
    arg [--as-needed] ==> ignore
    arg [-lgcc_s] ==> lib [gcc_s]
    arg [--pop-state] ==> ignore
    arg [/usr/lib/gcc/arm-linux-gnueabihf/8/crtend.o] ==> ignore
    arg [/usr/lib/gcc/arm-linux-gnueabihf/8/../../../arm-linux-gnueabihf/crtn.o] ==> ignore
  collapse library dir [/usr/lib/gcc/arm-linux-gnueabihf/8] ==> [/usr/lib/gcc/arm-linux-gnueabihf/8]
  collapse library dir [/usr/lib/gcc/arm-linux-gnueabihf/8/../../../arm-linux-gnueabihf] ==> [/usr/lib/arm-linux-gnueabihf]
  collapse library dir [/usr/lib/gcc/arm-linux-gnueabihf/8/../../..] ==> [/usr/lib]
  collapse library dir [/lib/arm-linux-gnueabihf] ==> [/lib/arm-linux-gnueabihf]
  collapse library dir [/usr/lib/arm-linux-gnueabihf] ==> [/usr/lib/arm-linux-gnueabihf]
  implicit libs: [gcc;gcc_s;c;gcc;gcc_s]
  implicit dirs: [/usr/lib/gcc/arm-linux-gnueabihf/8;/usr/lib/arm-linux-gnueabihf;/usr/lib;/lib/arm-linux-gnueabihf]
  implicit fwks: []




Detecting C [-std=c11] compiler features compiled with the following output:
Change Dir: /home/pi/mjpg-streamer/mjpg-streamer-experimental/_build/CMakeFiles/CMakeTmp

Run Build Command:"/usr/bin/make" "cmTC_53a5a/fast"
make[2]: Entering directory '/home/pi/mjpg-streamer/mjpg-streamer-experimental/_build/CMakeFiles/CMakeTmp'
/usr/bin/make -f CMakeFiles/cmTC_53a5a.dir/build.make CMakeFiles/cmTC_53a5a.dir/build
make[3]: Entering directory '/home/pi/mjpg-streamer/mjpg-streamer-experimental/_build/CMakeFiles/CMakeTmp'
Building C object CMakeFiles/cmTC_53a5a.dir/feature_tests.c.o
/usr/bin/cc   -std=c11 -o CMakeFiles/cmTC_53a5a.dir/feature_tests.c.o   -c /home/pi/mjpg-streamer/mjpg-streamer-experimental/_build/CMakeFiles/feature_tests.c
Linking C executable cmTC_53a5a
/usr/bin/cmake -E cmake_link_script CMakeFiles/cmTC_53a5a.dir/link.txt --verbose=1
/usr/bin/cc      -rdynamic CMakeFiles/cmTC_53a5a.dir/feature_tests.c.o  -o cmTC_53a5a 
make[3]: Leaving directory '/home/pi/mjpg-streamer/mjpg-streamer-experimental/_build/CMakeFiles/CMakeTmp'
make[2]: Leaving directory '/home/pi/mjpg-streamer/mjpg-streamer-experimental/_build/CMakeFiles/CMakeTmp'


    Feature record: C_FEATURE:1c_function_prototypes
    Feature record: C_FEATURE:1c_restrict
    Feature record: C_FEATURE:1c_static_assert
    Feature record: C_FEATURE:1c_variadic_macros
The system is: Linux - 4.19.75-v7l+ - armv7l
Compiling the C compiler identification source file "CMakeCCompilerId.c" succeeded.
Compiler: /usr/bin/cc 
Build flags: 
Id flags:  

The output was:
0


Compilation of the C compiler identification source "CMakeCCompilerId.c" produced "a.out"

The C compiler identification is GNU, found in "/home/pi/mjpg-streamer/mjpg-streamer-experimental/_build/CMakeFiles/3.13.4/CompilerIdC/a.out"

Determining if the C compiler works passed with the following output:
Change Dir: /home/pi/mjpg-streamer/mjpg-streamer-experimental/_build/CMakeFiles/CMakeTmp

Run Build Command:"/usr/bin/make" "cmTC_8f4c8/fast"
make[2]: Entering directory '/home/pi/mjpg-streamer/mjpg-streamer-experimental/_build/CMakeFiles/CMakeTmp'
/usr/bin/make -f CMakeFiles/cmTC_8f4c8.dir/build.make CMakeFiles/cmTC_8f4c8.dir/build
make[3]: Entering directory '/home/pi/mjpg-streamer/mjpg-streamer-experimental/_build/CMakeFiles/CMakeTmp'
Building C object CMakeFiles/cmTC_8f4c8.dir/testCCompiler.c.o
/usr/bin/cc    -o CMakeFiles/cmTC_8f4c8.dir/testCCompiler.c.o   -c /home/pi/mjpg-streamer/mjpg-streamer-experimental/_build/CMakeFiles/CMakeTmp/testCCompiler.c
Linking C executable cmTC_8f4c8
/usr/bin/cmake -E cmake_link_script CMakeFiles/cmTC_8f4c8.dir/link.txt --verbose=1
/usr/bin/cc      -rdynamic CMakeFiles/cmTC_8f4c8.dir/testCCompiler.c.o  -o cmTC_8f4c8 
make[3]: Leaving directory '/home/pi/mjpg-streamer/mjpg-streamer-experimental/_build/CMakeFiles/CMakeTmp'
make[2]: Leaving directory '/home/pi/mjpg-streamer/mjpg-streamer-experimental/_build/CMakeFiles/CMakeTmp'


Detecting C compiler ABI info compiled with the following output:
Change Dir: /home/pi/mjpg-streamer/mjpg-streamer-experimental/_build/CMakeFiles/CMakeTmp

Run Build Command:"/usr/bin/make" "cmTC_c180f/fast"
make[2]: Entering directory '/home/pi/mjpg-streamer/mjpg-streamer-experimental/_build/CMakeFiles/CMakeTmp'
/usr/bin/make -f CMakeFiles/cmTC_c180f.dir/build.make CMakeFiles/cmTC_c180f.dir/build
make[3]: Entering directory '/home/pi/mjpg-streamer/mjpg-streamer-experimental/_build/CMakeFiles/CMakeTmp'
Building C object CMakeFiles/cmTC_c180f.dir/CMakeCCompilerABI.c.o
/usr/bin/cc    -o CMakeFiles/cmTC_c180f.dir/CMakeCCompilerABI.c.o   -c /usr/share/cmake-3.13/Modules/CMakeCCompilerABI.c
Linking C executable cmTC_c180f
/usr/bin/cmake -E cmake_link_script CMakeFiles/cmTC_c180f.dir/link.txt --verbose=1
/usr/bin/cc     -v -rdynamic CMakeFiles/cmTC_c180f.dir/CMakeCCompilerABI.c.o  -o cmTC_c180f 
Using built-in specs.
COLLECT_GCC=/usr/bin/cc
COLLECT_LTO_WRAPPER=/usr/lib/gcc/arm-linux-gnueabihf/8/lto-wrapper
Target: arm-linux-gnueabihf
Configured with: ../src/configure -v --with-pkgversion='Raspbian 8.3.0-6+rpi1' --with-bugurl=file:///usr/share/doc/gcc-8/README.Bugs --enable-languages=c,ada,c++,go,d,fortran,objc,obj-c++ --prefix=/usr --with-gcc-major-version-only --program-suffix=-8 --program-prefix=arm-linux-gnueabihf- --enable-shared --enable-linker-build-id --libexecdir=/usr/lib --without-included-gettext --enable-threads=posix --libdir=/usr/lib --enable-nls --enable-bootstrap --enable-clocale=gnu --enable-libstdcxx-debug --enable-libstdcxx-time=yes --with-default-libstdcxx-abi=new --enable-gnu-unique-object --disable-libitm --disable-libquadmath --disable-libquadmath-support --enable-plugin --with-system-zlib --with-target-system-zlib --enable-objc-gc=auto --enable-multiarch --disable-sjlj-exceptions --with-arch=armv6 --with-fpu=vfp --with-float=hard --disable-werror --enable-checking=release --build=arm-linux-gnueabihf --host=arm-linux-gnueabihf --target=arm-linux-gnueabihf
Thread model: posix
gcc version 8.3.0 (Raspbian 8.3.0-6+rpi1) 
COMPILER_PATH=/usr/lib/gcc/arm-linux-gnueabihf/8/:/usr/lib/gcc/arm-linux-gnueabihf/8/:/usr/lib/gcc/arm-linux-gnueabihf/:/usr/lib/gcc/arm-linux-gnueabihf/8/:/usr/lib/gcc/arm-linux-gnueabihf/
LIBRARY_PATH=/usr/lib/gcc/arm-linux-gnueabihf/8/:/usr/lib/gcc/arm-linux-gnueabihf/8/../../../arm-linux-gnueabihf/:/usr/lib/gcc/arm-linux-gnueabihf/8/../../../:/lib/arm-linux-gnueabihf/:/lib/:/usr/lib/arm-linux-gnueabihf/:/usr/lib/
COLLECT_GCC_OPTIONS='-v' '-rdynamic' '-o' 'cmTC_c180f'  '-mfloat-abi=hard' '-mfpu=vfp' '-mtls-dialect=gnu' '-marm' '-march=armv6+fp'
 /usr/lib/gcc/arm-linux-gnueabihf/8/collect2 -plugin /usr/lib/gcc/arm-linux-gnueabihf/8/liblto_plugin.so -plugin-opt=/usr/lib/gcc/arm-linux-gnueabihf/8/lto-wrapper -plugin-opt=-fresolution=/tmp/cclJ4KDk.res -plugin-opt=-pass-through=-lgcc -plugin-opt=-pass-through=-lgcc_s -plugin-opt=-pass-through=-lc -plugin-opt=-pass-through=-lgcc -plugin-opt=-pass-through=-lgcc_s --build-id --eh-frame-hdr -export-dynamic -dynamic-linker /lib/ld-linux-armhf.so.3 -X --hash-style=gnu -m armelf_linux_eabi -o cmTC_c180f /usr/lib/gcc/arm-linux-gnueabihf/8/../../../arm-linux-gnueabihf/crt1.o /usr/lib/gcc/arm-linux-gnueabihf/8/../../../arm-linux-gnueabihf/crti.o /usr/lib/gcc/arm-linux-gnueabihf/8/crtbegin.o -L/usr/lib/gcc/arm-linux-gnueabihf/8 -L/usr/lib/gcc/arm-linux-gnueabihf/8/../../../arm-linux-gnueabihf -L/usr/lib/gcc/arm-linux-gnueabihf/8/../../.. -L/lib/arm-linux-gnueabihf -L/usr/lib/arm-linux-gnueabihf CMakeFiles/cmTC_c180f.dir/CMakeCCompilerABI.c.o -lgcc --push-state --as-needed -lgcc_s --pop-state -lc -lgcc --push-state --as-needed -lgcc_s --pop-state /usr/lib/gcc/arm-linux-gnueabihf/8/crtend.o /usr/lib/gcc/arm-linux-gnueabihf/8/../../../arm-linux-gnueabihf/crtn.o
COLLECT_GCC_OPTIONS='-v' '-rdynamic' '-o' 'cmTC_c180f'  '-mfloat-abi=hard' '-mfpu=vfp' '-mtls-dialect=gnu' '-marm' '-march=armv6+fp'
make[3]: Leaving directory '/home/pi/mjpg-streamer/mjpg-streamer-experimental/_build/CMakeFiles/CMakeTmp'
make[2]: Leaving directory '/home/pi/mjpg-streamer/mjpg-streamer-experimental/_build/CMakeFiles/CMakeTmp'


Parsed C implicit link information from above output:
  link line regex: [^( *|.*[/\])(ld|CMAKE_LINK_STARTFILE-NOTFOUND|([^/\]+-)?ld|collect2)[^/\]*( |$)]
  ignore line: [Change Dir: /home/pi/mjpg-streamer/mjpg-streamer-experimental/_build/CMakeFiles/CMakeTmp]
  ignore line: []
  ignore line: [Run Build Command:"/usr/bin/make" "cmTC_c180f/fast"]
  ignore line: [make[2]: Entering directory '/home/pi/mjpg-streamer/mjpg-streamer-experimental/_build/CMakeFiles/CMakeTmp']
  ignore line: [/usr/bin/make -f CMakeFiles/cmTC_c180f.dir/build.make CMakeFiles/cmTC_c180f.dir/build]
  ignore line: [make[3]: Entering directory '/home/pi/mjpg-streamer/mjpg-streamer-experimental/_build/CMakeFiles/CMakeTmp']
  ignore line: [Building C object CMakeFiles/cmTC_c180f.dir/CMakeCCompilerABI.c.o]
  ignore line: [/usr/bin/cc    -o CMakeFiles/cmTC_c180f.dir/CMakeCCompilerABI.c.o   -c /usr/share/cmake-3.13/Modules/CMakeCCompilerABI.c]
  ignore line: [Linking C executable cmTC_c180f]
  ignore line: [/usr/bin/cmake -E cmake_link_script CMakeFiles/cmTC_c180f.dir/link.txt --verbose=1]
  ignore line: [/usr/bin/cc     -v -rdynamic CMakeFiles/cmTC_c180f.dir/CMakeCCompilerABI.c.o  -o cmTC_c180f ]
  ignore line: [Using built-in specs.]
  ignore line: [COLLECT_GCC=/usr/bin/cc]
  ignore line: [COLLECT_LTO_WRAPPER=/usr/lib/gcc/arm-linux-gnueabihf/8/lto-wrapper]
  ignore line: [Target: arm-linux-gnueabihf]
  ignore line: [Configured with: ../src/configure -v --with-pkgversion='Raspbian 8.3.0-6+rpi1' --with-bugurl=file:///usr/share/doc/gcc-8/README.Bugs --enable-languages=c,ada,c++,go,d,fortran,objc,obj-c++ --prefix=/usr --with-gcc-major-version-only --program-suffix=-8 --program-prefix=arm-linux-gnueabihf- --enable-shared --enable-linker-build-id --libexecdir=/usr/lib --without-included-gettext --enable-threads=posix --libdir=/usr/lib --enable-nls --enable-bootstrap --enable-clocale=gnu --enable-libstdcxx-debug --enable-libstdcxx-time=yes --with-default-libstdcxx-abi=new --enable-gnu-unique-object --disable-libitm --disable-libquadmath --disable-libquadmath-support --enable-plugin --with-system-zlib --with-target-system-zlib --enable-objc-gc=auto --enable-multiarch --disable-sjlj-exceptions --with-arch=armv6 --with-fpu=vfp --with-float=hard --disable-werror --enable-checking=release --build=arm-linux-gnueabihf --host=arm-linux-gnueabihf --target=arm-linux-gnueabihf]
  ignore line: [Thread model: posix]
  ignore line: [gcc version 8.3.0 (Raspbian 8.3.0-6+rpi1) ]
  ignore line: [COMPILER_PATH=/usr/lib/gcc/arm-linux-gnueabihf/8/:/usr/lib/gcc/arm-linux-gnueabihf/8/:/usr/lib/gcc/arm-linux-gnueabihf/:/usr/lib/gcc/arm-linux-gnueabihf/8/:/usr/lib/gcc/arm-linux-gnueabihf/]
  ignore line: [LIBRARY_PATH=/usr/lib/gcc/arm-linux-gnueabihf/8/:/usr/lib/gcc/arm-linux-gnueabihf/8/../../../arm-linux-gnueabihf/:/usr/lib/gcc/arm-linux-gnueabihf/8/../../../:/lib/arm-linux-gnueabihf/:/lib/:/usr/lib/arm-linux-gnueabihf/:/usr/lib/]
  ignore line: [COLLECT_GCC_OPTIONS='-v' '-rdynamic' '-o' 'cmTC_c180f'  '-mfloat-abi=hard' '-mfpu=vfp' '-mtls-dialect=gnu' '-marm' '-march=armv6+fp']
  link line: [ /usr/lib/gcc/arm-linux-gnueabihf/8/collect2 -plugin /usr/lib/gcc/arm-linux-gnueabihf/8/liblto_plugin.so -plugin-opt=/usr/lib/gcc/arm-linux-gnueabihf/8/lto-wrapper -plugin-opt=-fresolution=/tmp/cclJ4KDk.res -plugin-opt=-pass-through=-lgcc -plugin-opt=-pass-through=-lgcc_s -plugin-opt=-pass-through=-lc -plugin-opt=-pass-through=-lgcc -plugin-opt=-pass-through=-lgcc_s --build-id --eh-frame-hdr -export-dynamic -dynamic-linker /lib/ld-linux-armhf.so.3 -X --hash-style=gnu -m armelf_linux_eabi -o cmTC_c180f /usr/lib/gcc/arm-linux-gnueabihf/8/../../../arm-linux-gnueabihf/crt1.o /usr/lib/gcc/arm-linux-gnueabihf/8/../../../arm-linux-gnueabihf/crti.o /usr/lib/gcc/arm-linux-gnueabihf/8/crtbegin.o -L/usr/lib/gcc/arm-linux-gnueabihf/8 -L/usr/lib/gcc/arm-linux-gnueabihf/8/../../../arm-linux-gnueabihf -L/usr/lib/gcc/arm-linux-gnueabihf/8/../../.. -L/lib/arm-linux-gnueabihf -L/usr/lib/arm-linux-gnueabihf CMakeFiles/cmTC_c180f.dir/CMakeCCompilerABI.c.o -lgcc --push-state --as-needed -lgcc_s --pop-state -lc -lgcc --push-state --as-needed -lgcc_s --pop-state /usr/lib/gcc/arm-linux-gnueabihf/8/crtend.o /usr/lib/gcc/arm-linux-gnueabihf/8/../../../arm-linux-gnueabihf/crtn.o]
    arg [/usr/lib/gcc/arm-linux-gnueabihf/8/collect2] ==> ignore
    arg [-plugin] ==> ignore
    arg [/usr/lib/gcc/arm-linux-gnueabihf/8/liblto_plugin.so] ==> ignore
    arg [-plugin-opt=/usr/lib/gcc/arm-linux-gnueabihf/8/lto-wrapper] ==> ignore
    arg [-plugin-opt=-fresolution=/tmp/cclJ4KDk.res] ==> ignore
    arg [-plugin-opt=-pass-through=-lgcc] ==> ignore
    arg [-plugin-opt=-pass-through=-lgcc_s] ==> ignore
    arg [-plugin-opt=-pass-through=-lc] ==> ignore
    arg [-plugin-opt=-pass-through=-lgcc] ==> ignore
    arg [-plugin-opt=-pass-through=-lgcc_s] ==> ignore
    arg [--build-id] ==> ignore
    arg [--eh-frame-hdr] ==> ignore
    arg [-export-dynamic] ==> ignore
    arg [-dynamic-linker] ==> ignore
    arg [/lib/ld-linux-armhf.so.3] ==> ignore
    arg [-X] ==> ignore
    arg [--hash-style=gnu] ==> ignore
    arg [-m] ==> ignore
    arg [armelf_linux_eabi] ==> ignore
    arg [-o] ==> ignore
    arg [cmTC_c180f] ==> ignore
    arg [/usr/lib/gcc/arm-linux-gnueabihf/8/../../../arm-linux-gnueabihf/crt1.o] ==> ignore
    arg [/usr/lib/gcc/arm-linux-gnueabihf/8/../../../arm-linux-gnueabihf/crti.o] ==> ignore
    arg [/usr/lib/gcc/arm-linux-gnueabihf/8/crtbegin.o] ==> ignore
    arg [-L/usr/lib/gcc/arm-linux-gnueabihf/8] ==> dir [/usr/lib/gcc/arm-linux-gnueabihf/8]
    arg [-L/usr/lib/gcc/arm-linux-gnueabihf/8/../../../arm-linux-gnueabihf] ==> dir [/usr/lib/gcc/arm-linux-gnueabihf/8/../../../arm-linux-gnueabihf]
    arg [-L/usr/lib/gcc/arm-linux-gnueabihf/8/../../..] ==> dir [/usr/lib/gcc/arm-linux-gnueabihf/8/../../..]
    arg [-L/lib/arm-linux-gnueabihf] ==> dir [/lib/arm-linux-gnueabihf]
    arg [-L/usr/lib/arm-linux-gnueabihf] ==> dir [/usr/lib/arm-linux-gnueabihf]
    arg [CMakeFiles/cmTC_c180f.dir/CMakeCCompilerABI.c.o] ==> ignore
    arg [-lgcc] ==> lib [gcc]
    arg [--push-state] ==> ignore
    arg [--as-needed] ==> ignore
    arg [-lgcc_s] ==> lib [gcc_s]
    arg [--pop-state] ==> ignore
    arg [-lc] ==> lib [c]
    arg [-lgcc] ==> lib [gcc]
    arg [--push-state] ==> ignore
    arg [--as-needed] ==> ignore
    arg [-lgcc_s] ==> lib [gcc_s]
    arg [--pop-state] ==> ignore
    arg [/usr/lib/gcc/arm-linux-gnueabihf/8/crtend.o] ==> ignore
    arg [/usr/lib/gcc/arm-linux-gnueabihf/8/../../../arm-linux-gnueabihf/crtn.o] ==> ignore
  collapse library dir [/usr/lib/gcc/arm-linux-gnueabihf/8] ==> [/usr/lib/gcc/arm-linux-gnueabihf/8]
  collapse library dir [/usr/lib/gcc/arm-linux-gnueabihf/8/../../../arm-linux-gnueabihf] ==> [/usr/lib/arm-linux-gnueabihf]
  collapse library dir [/usr/lib/gcc/arm-linux-gnueabihf/8/../../..] ==> [/usr/lib]
  collapse library dir [/lib/arm-linux-gnueabihf] ==> [/lib/arm-linux-gnueabihf]
  collapse library dir [/usr/lib/arm-linux-gnueabihf] ==> [/usr/lib/arm-linux-gnueabihf]
  implicit libs: [gcc;gcc_s;c;gcc;gcc_s]
  implicit dirs: [/usr/lib/gcc/arm-linux-gnueabihf/8;/usr/lib/arm-linux-gnueabihf;/usr/lib;/lib/arm-linux-gnueabihf]
  implicit fwks: []




Detecting C [-std=c11] compiler features compiled with the following output:
Change Dir: /home/pi/mjpg-streamer/mjpg-streamer-experimental/_build/CMakeFiles/CMakeTmp

Run Build Command:"/usr/bin/make" "cmTC_1b9c0/fast"
make[2]: Entering directory '/home/pi/mjpg-streamer/mjpg-streamer-experimental/_build/CMakeFiles/CMakeTmp'
/usr/bin/make -f CMakeFiles/cmTC_1b9c0.dir/build.make CMakeFiles/cmTC_1b9c0.dir/build
make[3]: Entering directory '/home/pi/mjpg-streamer/mjpg-streamer-experimental/_build/CMakeFiles/CMakeTmp'
Building C object CMakeFiles/cmTC_1b9c0.dir/feature_tests.c.o
/usr/bin/cc   -std=c11 -o CMakeFiles/cmTC_1b9c0.dir/feature_tests.c.o   -c /home/pi/mjpg-streamer/mjpg-streamer-experimental/_build/CMakeFiles/feature_tests.c
Linking C executable cmTC_1b9c0
/usr/bin/cmake -E cmake_link_script CMakeFiles/cmTC_1b9c0.dir/link.txt --verbose=1
/usr/bin/cc      -rdynamic CMakeFiles/cmTC_1b9c0.dir/feature_tests.c.o  -o cmTC_1b9c0 
make[3]: Leaving directory '/home/pi/mjpg-streamer/mjpg-streamer-experimental/_build/CMakeFiles/CMakeTmp'
make[2]: Leaving directory '/home/pi/mjpg-streamer/mjpg-streamer-experimental/_build/CMakeFiles/CMakeTmp'


    Feature record: C_FEATURE:1c_function_prototypes
    Feature record: C_FEATURE:1c_restrict
    Feature record: C_FEATURE:1c_static_assert
    Feature record: C_FEATURE:1c_variadic_macros


Detecting C [-std=c99] compiler features compiled with the following output:
Change Dir: /home/pi/mjpg-streamer/mjpg-streamer-experimental/_build/CMakeFiles/CMakeTmp

Run Build Command:"/usr/bin/make" "cmTC_cc375/fast"
make[2]: Entering directory '/home/pi/mjpg-streamer/mjpg-streamer-experimental/_build/CMakeFiles/CMakeTmp'
/usr/bin/make -f CMakeFiles/cmTC_cc375.dir/build.make CMakeFiles/cmTC_cc375.dir/build
make[3]: Entering directory '/home/pi/mjpg-streamer/mjpg-streamer-experimental/_build/CMakeFiles/CMakeTmp'
Building C object CMakeFiles/cmTC_cc375.dir/feature_tests.c.o
/usr/bin/cc   -std=c99 -o CMakeFiles/cmTC_cc375.dir/feature_tests.c.o   -c /home/pi/mjpg-streamer/mjpg-streamer-experimental/_build/CMakeFiles/feature_tests.c
Linking C executable cmTC_cc375
/usr/bin/cmake -E cmake_link_script CMakeFiles/cmTC_cc375.dir/link.txt --verbose=1
/usr/bin/cc      -rdynamic CMakeFiles/cmTC_cc375.dir/feature_tests.c.o  -o cmTC_cc375 
make[3]: Leaving directory '/home/pi/mjpg-streamer/mjpg-streamer-experimental/_build/CMakeFiles/CMakeTmp'
make[2]: Leaving directory '/home/pi/mjpg-streamer/mjpg-streamer-experimental/_build/CMakeFiles/CMakeTmp'


    Feature record: C_FEATURE:1c_function_prototypes
    Feature record: C_FEATURE:1c_restrict
    Feature record: C_FEATURE:0c_static_assert
    Feature record: C_FEATURE:1c_variadic_macros


Detecting C [-std=c90] compiler features compiled with the following output:
Change Dir: /home/pi/mjpg-streamer/mjpg-streamer-experimental/_build/CMakeFiles/CMakeTmp

Run Build Command:"/usr/bin/make" "cmTC_914de/fast"
make[2]: Entering directory '/home/pi/mjpg-streamer/mjpg-streamer-experimental/_build/CMakeFiles/CMakeTmp'
/usr/bin/make -f CMakeFiles/cmTC_914de.dir/build.make CMakeFiles/cmTC_914de.dir/build
make[3]: Entering directory '/home/pi/mjpg-streamer/mjpg-streamer-experimental/_build/CMakeFiles/CMakeTmp'
Building C object CMakeFiles/cmTC_914de.dir/feature_tests.c.o
/usr/bin/cc   -std=c90 -o CMakeFiles/cmTC_914de.dir/feature_tests.c.o   -c /home/pi/mjpg-streamer/mjpg-streamer-experimental/_build/CMakeFiles/feature_tests.c
Linking C executable cmTC_914de
/usr/bin/cmake -E cmake_link_script CMakeFiles/cmTC_914de.dir/link.txt --verbose=1
/usr/bin/cc      -rdynamic CMakeFiles/cmTC_914de.dir/feature_tests.c.o  -o cmTC_914de 
make[3]: Leaving directory '/home/pi/mjpg-streamer/mjpg-streamer-experimental/_build/CMakeFiles/CMakeTmp'
make[2]: Leaving directory '/home/pi/mjpg-streamer/mjpg-streamer-experimental/_build/CMakeFiles/CMakeTmp'


    Feature record: C_FEATURE:1c_function_prototypes
    Feature record: C_FEATURE:0c_restrict
    Feature record: C_FEATURE:0c_static_assert
    Feature record: C_FEATURE:0c_variadic_macros
